I, [2022-01-14T17:25:09.749163 #26635]  INFO -- : WSAPI#profile: uid(353343423) account_name(bob)
I, [2022-01-14T17:25:13.970020 #26635]  INFO -- : SESSION#renew: skip_initial_check(true)
I, [2022-01-14T17:25:13.971126 #26635]  INFO -- : HTTP_CLIENT: METHOD(GET) URL(https://weibo.com) HEADERS({}) TIMEOUT(15.0) RETRIES(3)
I, [2022-01-14T17:25:13.973245 #26635]  INFO -- request: GET https://weibo.com
I, [2022-01-14T17:25:13.973475 #26635]  INFO -- request: User-Agent: "(Mozilla/5.0 (X11; Linux x86_64) AppleWebKit/537.36 (KHTML, like Gecko) Chrome/94.0.4606.81 Safari/537.36)"
pragma: "no-cache"
cache-control: "no-cache"
sec-ch-ua: "\"Chromium\";v=\"94\", \"Google Chrome\";v=\"94\", \";Not A Brand\";v=\"99\""
sec-ch-ua-mobile: "?0"
sec-ch-ua-platform: "\"Linux\""
upgrade-insecure-requests: "1"
accept: "text/html,application/xhtml+xml,application/xml;q=0.9,image/avif,image/webp,image/apng,*/*;q=0.8,application/signed-exchange;v=b3;q=0.9"
sec-fetch-site: "none"
sec-fetch-mode: "navigate"
sec-fetch-user: "?1"
sec-fetch-dest: "document"
accept-language: "en-US,en;q=0.9,fr-FR;q=0.8,fr;q=0.7,es;q=0.6"
Cookie: "ALF=1673563731; SCF=AjqGI2SlsQPoQc26bNHMWoNxF5nDcypK5nqSBQFzhLd02v9_s5b1fzyCjS9_26CqNvB2G0jRn728lRGDxgzM2d4.; SSOLoginState=1641845522; SUB=_2A25M2yqHDeRhGeFJ6VAZ8irFyzWIHXVvkRtPrDV8PUNbmtAfLWfWkW9NfGeWE0WkadqKNhI31kEr6mag_DlCiMdy; SUBP=0033WrSXqPxfM725Ws9jqgMF55529P9D9W50XT5KENhmcdROsS.NS_.n5JpX5KMhUgL.FoMNeozReoB4eh.2dJLoIp7LxKML1KBLBKnLxKqL1hnLBoMNS0zE1hzX1K54; XSRF-TOKEN=vzg-EnsEG6PU8WMlPx-8QTA5; cross_origin_proto=SSL; login_sid_t=33edcf10e960771df2675887c0a6b388"
I, [2022-01-14T17:25:15.929434 #26635]  INFO -- response: Status 302
I, [2022-01-14T17:25:15.929752 #26635]  INFO -- response: server: "wServer"
date: "Fri, 14 Jan 2022 13:25:15 GMT"
content-type: "text/html; charset=utf-8"
content-length: "477"
connection: "keep-alive"
x-bypass-uid: "7722824909"
x-bypass-loginflag: "1"
x-bypass-vr: "7"
location: "https://login.sina.com.cn/sso/login.php?url=https%3A%2F%2Fweibo.com%2F&_rand=1642166715.692&gateway=1&service=sinawap&entry=sinawap&useticket=1&returntype=META&sudaref=&_client_version=0.6.33"
x-frame-options: "SAMEORIGIN"
x-xss-protection: "1; mode=block"
x-download-options: "noopen"
x-readtime: "5"
proc_node: "mapi-weibopro-node-bypass-568cdfbc9-t5kcd, mapi-weibopro-node-bypass-568cdfbc9-t5kcd"
ssl_node: "ssl-001.mweibo.hk.intra.weibo.cn"
lb: "36.51.254.229"
I, [2022-01-14T17:25:15.929902 #26635]  INFO -- response: Redirecting to <a href="https://login.sina.com.cn/sso/login.php?url=https%3A%2F%2Fweibo.com%2F&amp;_rand=1642166715.692&amp;gateway=1&amp;service=sinawap&amp;entry=sinawap&amp;useticket=1&amp;returntype=META&amp;sudaref=&amp;_client_version=0.6.33">https://login.sina.com.cn/sso/login.php?url=https%3A%2F%2Fweibo.com%2F&amp;_rand=1642166715.692&amp;gateway=1&amp;service=sinawap&amp;entry=sinawap&amp;useticket=1&amp;returntype=META&amp;sudaref=&amp;_client_version=0.6.33</a>.
I, [2022-01-14T17:25:15.932783 #26635]  INFO -- request: GET https://login.sina.com.cn/sso/login.php?url=https%3A%2F%2Fweibo.com%2F&_rand=1642166715.692&gateway=1&service=sinawap&entry=sinawap&useticket=1&returntype=META&sudaref=&_client_version=0.6.33
I, [2022-01-14T17:25:15.933057 #26635]  INFO -- request: User-Agent: "(Mozilla/5.0 (X11; Linux x86_64) AppleWebKit/537.36 (KHTML, like Gecko) Chrome/94.0.4606.81 Safari/537.36)"
pragma: "no-cache"
cache-control: "no-cache"
sec-ch-ua: "\"Chromium\";v=\"94\", \"Google Chrome\";v=\"94\", \";Not A Brand\";v=\"99\""
sec-ch-ua-mobile: "?0"
sec-ch-ua-platform: "\"Linux\""
upgrade-insecure-requests: "1"
accept: "text/html,application/xhtml+xml,application/xml;q=0.9,image/avif,image/webp,image/apng,*/*;q=0.8,application/signed-exchange;v=b3;q=0.9"
sec-fetch-site: "none"
sec-fetch-mode: "navigate"
sec-fetch-user: "?1"
sec-fetch-dest: "document"
accept-language: "en-US,en;q=0.9,fr-FR;q=0.8,fr;q=0.7,es;q=0.6"
Cookie: "ALC=ac%3D2%26bt%3D1642027731%26cv%3D5.0%26et%3D1673563731%26ic%3D1719015027%26login_time%3D1641845513%26scf%3DAjqGI2SlsQPoQc26bNHMWoNxF5nDcypK5nqSBQFzhLd0YtrVEG5NcPgYhccXc6TM2b7KFUey4JHDy1L71DRYdJw.%26uid%3D7722824909%26vf%3D0%26vs%3D1%26vt%3D0%26es%3D1560ed745fbdca6dcd52b9b3b7c85701; ALF=1673563731; LT=1642027731; SCF=AjqGI2SlsQPoQc26bNHMWoNxF5nDcypK5nqSBQFzhLd0YtrVEG5NcPgYhccXc6TM2b7KFUey4JHDy1L71DRYdJw.; SUB=_2A25M2yqEDeRhGeFJ6VAZ8irFyzWIHXVsJ7bMrDV_PUNbm9AfLUHRkW1NfGeWE3EIwBLY2K1GgI0YOecjKHD-aOsL; SUBP=0033WrSXqPxfM725Ws9jqgMF55529P9D9W50XT5KENhmcdROsS.NS_.n5NHD95QNS0zE1hzX1K54Ws4DqcjMi--NiK.Xi-2Ri--ciKnRi-zNS0MEeonESh.71Btt; tgc=TGT-NzcyMjgyNDkwOQ==-1642027731-gz-9689C451558124F03AF485F662069ED7-1;ALF=1673563731; SCF=AjqGI2SlsQPoQc26bNHMWoNxF5nDcypK5nqSBQFzhLd02v9_s5b1fzyCjS9_26CqNvB2G0jRn728lRGDxgzM2d4.; SSOLoginState=1641845522; SUB=_2A25M2yqHDeRhGeFJ6VAZ8irFyzWIHXVvkRtPrDV8PUNbmtAfLWfWkW9NfGeWE0WkadqKNhI31kEr6mag_DlCiMdy; SUBP=0033WrSXqPxfM725Ws9jqgMF55529P9D9W50XT5KENhmcdROsS.NS_.n5JpX5KMhUgL.FoMNeozReoB4eh.2dJLoIp7LxKML1KBLBKnLxKqL1hnLBoMNS0zE1hzX1K54; XSRF-TOKEN=vzg-EnsEG6PU8WMlPx-8QTA5; cross_origin_proto=SSL; login_sid_t=33edcf10e960771df2675887c0a6b388"
I, [2022-01-14T17:25:18.912862 #26635]  INFO -- response: Status 200
I, [2022-01-14T17:25:18.913112 #26635]  INFO -- response: server: "nginx/1.6.1"
date: "Fri, 14 Jan 2022 13:25:18 GMT"
content-type: "text/html"
transfer-encoding: "chunked"
connection: "keep-alive"
vary: "Accept-Encoding"
pragma: "no-cache"
p3p: "CP=\"CURa ADMa DEVa PSAo PSDo OUR BUS UNI PUR INT DEM STA PRE COM NAV OTC NOI DSP COR\""
set-cookie: "tgc=TGT-NzcyMjgyNDkwOQ==-1642166718-gz-43432AAF4004278AF8E6227E92A656DE-1; path=/; domain=login.sina.com.cn; secure; httponly; SameSite=None, SUB=_2A25M5QnuDeRhGeFJ6VAZ8irFyzWIHXVsKZemrDV_PUNbm9AfLXXikW1NfGeWE1LbQYUx9efK9jnQVjVfYj9_Km1T; expires=Saturday, 14-Jan-2023 13:25:18 GMT; path=/; domain=.sina.com.cn; httponly, SUBP=0033WrSXqPxfM725Ws9jqgMF55529P9D9W50XT5KENhmcdROsS.NS_.n5NHD95QNS0zE1hzX1K54Ws4DqcjMi--NiK.Xi-2Ri--ciKnRi-zNS0MEeonESh.71Btt; path=/; domain=.sina.com.cn, ALC=ac%3D2%26bt%3D1642166718%26cv%3D5.0%26et%3D1673702718%26ic%3D1719025228%26login_time%3D1641845513%26scf%3DAjqGI2SlsQPoQc26bNHMWoNxF5nDcypK5nqSBQFzhLd0YtrVEG5NcPgYhccXc6TM2b7KFUey4JHDy1L71DRYdJw.%26uid%3D7722824909%26vf%3D0%26vs%3D1%26vt%3D0%26es%3D93d85f7c7ee0fd07879d0f4961dab487; expires=Saturday, 14-Jan-2023 13:25:18 GMT; path=/; domain=login.sina.com.cn; secure; httponly; SameSite=None, ALF=1673702718; expires=Saturday, 14-Jan-2023 13:25:18 GMT; path=/; domain=.sina.com.cn, LT=1642166718; path=/; domain=login.sina.com.cn"
dpool_header: "gz-pub-10-71-13-49"
sina-lb: "aGEuMTY4LmcxLmh5ZHMubGIuc2luYW5vZGUuY29t"
sina-ts: "YjBjYTk0Y2UgMCA3IDcgMyAxMDY1Cg=="
I, [2022-01-14T17:25:18.913239 #26635]  INFO -- response: 
		<html>
		<head>
		<title>–¬¿ÀÕ®––÷§</title>
		<meta http-equiv="refresh" content="0; url=&#39;https://passport.weibo.com/wbsso/login?ssosavestate=1673702718&url=https%3A%2F%2Fweibo.com%2F&display=0&ticket=ST-NzcyMjgyNDkwOQ==-1642166718-gz-3E5AACDEEB60367C03BE575EFC5E53C7-1&retcode=0&#39;"/>
		<meta http-equiv="Content-Type" content="text/html; charset=GBK" />
		</head>
		<body bgcolor="#ffffff" text="#000000" link="#0000cc" vlink="#551a8b" alink="#ff0000">
		<script type="text/javascript" language="javascript">
		location.replace("https://passport.weibo.com/wbsso/login?ssosavestate=1673702718&url=https%3A%2F%2Fweibo.com%2F&display=0&ticket=ST-NzcyMjgyNDkwOQ==-1642166718-gz-3E5AACDEEB60367C03BE575EFC5E53C7-1&retcode=0");
		</script>
		</body>
		</html>
I, [2022-01-14T17:25:18.916726 #26635]  INFO -- : HTTP_CLIENT: METHOD(GET) URL(https://passport.weibo.com/wbsso/login?ssosavestate=1673702718&url=https%3A%2F%2Fweibo.com%2F&display=0&ticket=ST-NzcyMjgyNDkwOQ==-1642166718-gz-3E5AACDEEB60367C03BE575EFC5E53C7-1&retcode=0) HEADERS({"referer"=>"https://login.sina.com.cn/"}) TIMEOUT(15.0) RETRIES(3)
I, [2022-01-14T17:25:18.919755 #26635]  INFO -- request: GET https://passport.weibo.com/wbsso/login?display=0&retcode=0&ssosavestate=1673702718&ticket=ST-NzcyMjgyNDkwOQ%3D%3D-1642166718-gz-3E5AACDEEB60367C03BE575EFC5E53C7-1&url=https%3A%2F%2Fweibo.com%2F
I, [2022-01-14T17:25:18.920225 #26635]  INFO -- request: User-Agent: "(Mozilla/5.0 (X11; Linux x86_64) AppleWebKit/537.36 (KHTML, like Gecko) Chrome/94.0.4606.81 Safari/537.36)"
pragma: "no-cache"
cache-control: "no-cache"
sec-ch-ua: "\"Chromium\";v=\"94\", \"Google Chrome\";v=\"94\", \";Not A Brand\";v=\"99\""
sec-ch-ua-mobile: "?0"
sec-ch-ua-platform: "\"Linux\""
upgrade-insecure-requests: "1"
accept: "text/html,application/xhtml+xml,application/xml;q=0.9,image/avif,image/webp,image/apng,*/*;q=0.8,application/signed-exchange;v=b3;q=0.9"
sec-fetch-site: "none"
sec-fetch-mode: "navigate"
sec-fetch-user: "?1"
sec-fetch-dest: "document"
accept-language: "en-US,en;q=0.9,fr-FR;q=0.8,fr;q=0.7,es;q=0.6"
referer: "https://login.sina.com.cn/"
Cookie: "ALF=1673563731; SCF=AjqGI2SlsQPoQc26bNHMWoNxF5nDcypK5nqSBQFzhLd02v9_s5b1fzyCjS9_26CqNvB2G0jRn728lRGDxgzM2d4.; SRF=1642027735; SRT=D.QqHBJZPiJeboNmMb4cYGS4S1ibSBdZY9V!Su5bWHNEYdWckNWEBpMERt4EPKRcsrAdSJP-SQTsVuOcSGSPWEJEWhRdMoNrufNOJoTrPpicsYSsymUmi9OdMu*B.vAflW-P9Rc0lR-ykXDvnJqiQVbiRVPBtS!r3JZPQVqbgVdWiMZ4siOzu4DbmKPVsJEY4i4kEOcYkR-MNO3iOI!uOQpuli49ndDPIOdYPSrnlMcyiOcP65bHbUrzrSdXlJcM1OFyHVDWJ5mkiODEIA!oCN-uJ5mkoODEfU!oCUrsK4qBwMOEf5bXoNq4r; SSOLoginState=1641845522; SUB=_2A25M2yqHDeRhGeFJ6VAZ8irFyzWIHXVvkRtPrDV8PUNbmtAfLWfWkW9NfGeWE0WkadqKNhI31kEr6mag_DlCiMdy; SUBP=0033WrSXqPxfM725Ws9jqgMF55529P9D9W50XT5KENhmcdROsS.NS_.n5JpX5KMhUgL.FoMNeozReoB4eh.2dJLoIp7LxKML1KBLBKnLxKqL1hnLBoMNS0zE1hzX1K54; cross_origin_proto=SSL; login_sid_t=33edcf10e960771df2675887c0a6b388"
I, [2022-01-14T17:25:21.626091 #26635]  INFO -- response: Status 302
I, [2022-01-14T17:25:21.626482 #26635]  INFO -- response: server: "nginx/1.6.1"
date: "Fri, 14 Jan 2022 13:25:21 GMT"
content-type: "text/html"
transfer-encoding: "chunked"
connection: "keep-alive"
pragma: "public"
cache-control: "maxage=1"
expires: "Fri, 14 Jan 2022 13:25:21 GMT"
set-cookie: "SCF=AjqGI2SlsQPoQc26bNHMWoNxF5nDcypK5nqSBQFzhLd0nE913PdfYD8OicJWMxRfNnNu0SESAJMyR4FN0GGCdwU.; expires=Monday, 12-Jan-2032 13:25:20 GMT; path=/; domain=.weibo.com; secure; httponly; SameSite=None, SUB=_2A25M5QmRDeRhGeFJ6VAZ8irFyzWIHXVvk3xZrDV8PUNbmtAfLUrkkW9NfGeWE5rvV5uShH19OaOwdyJE_T7C4NyH; path=/; domain=.weibo.com; secure; httponly; SameSite=None, SUBP=0033WrSXqPxfM725Ws9jqgMF55529P9D9W50XT5KENhmcdROsS.NS_.n5JpX5KMhUgL.FoMNeozReoB4eh.2dJLoIp7LxKML1KBLBKnLxKqL1hnLBoMNS0zE1hzX1K54; expires=Saturday, 14-Jan-2023 13:25:21 GMT; path=/; domain=.weibo.com; secure; SameSite=None, SUHB=deleted; expires=Thursday, 01-Jan-1970 00:00:01 GMT; path=/; domain=.weibo.com; secure; SameSite=None, SRT=D.QqHBJZPiiPEk4!Mb4cYGS4S1ibSBdZY9V!Su5bWHNEYdWcjq5E9pMERt4EPKRcsrAdSJPQHhTsVuOcSGSPWEiQH-PZPs4-YzJObLR4y3SGb1MPy4irJrOebz*B.vAflW-P9Rc0lR-ykXDvnJqiQVbiRVPBtS!r3JZPQVqbgVdWiMZ4siOzu4DbmKPVsJEY4i4kEOcYkR-MNO3iOI!uOQpuli49ndDPIOdYPSrnlMcyiOcP65bHbUrzrSdXlJcM1OFyHVDWJ5mkiODEIA!oCN-uJ5mkoODEfU!oCUrsK4qBwMOEf5bXoNq4r; expires=Monday, 12-Jan-2032 13:25:21 GMT; path=/; domain=.passport.weibo.com; secure; httponly; SameSite=None, SRF=1642166721; expires=Monday, 12-Jan-2032 13:25:21 GMT; path=/; domain=.passport.weibo.com; secure; SameSite=None, ALF=1673702718; expires=Saturday, 14-Jan-2023 13:25:18 GMT; path=/; domain=.weibo.com; secure; SameSite=None"
p3p: "CP=\"CURa ADMa DEVa PSAo PSDo OUR BUS UNI PUR INT DEM STA PRE COM NAV OTC NOI DSP COR\""
location: "https://weibo.com"
dpool_header: "gz-pub-10-71-13-48"
sina-lb: "aGEuMTY5LmcxLmh5ZHMubGIuc2luYW5vZGUuY29t"
sina-ts: "YjBjYTk0Y2UgMCA4IDggNiA0ODAK"
I, [2022-01-14T17:25:21.626615 #26635]  INFO -- response: 
I, [2022-01-14T17:25:21.634667 #26635]  INFO -- request: GET https://weibo.com
I, [2022-01-14T17:25:21.635046 #26635]  INFO -- request: User-Agent: "(Mozilla/5.0 (X11; Linux x86_64) AppleWebKit/537.36 (KHTML, like Gecko) Chrome/94.0.4606.81 Safari/537.36)"
pragma: "no-cache"
cache-control: "no-cache"
sec-ch-ua: "\"Chromium\";v=\"94\", \"Google Chrome\";v=\"94\", \";Not A Brand\";v=\"99\""
sec-ch-ua-mobile: "?0"
sec-ch-ua-platform: "\"Linux\""
upgrade-insecure-requests: "1"
accept: "text/html,application/xhtml+xml,application/xml;q=0.9,image/avif,image/webp,image/apng,*/*;q=0.8,application/signed-exchange;v=b3;q=0.9"
sec-fetch-site: "none"
sec-fetch-mode: "navigate"
sec-fetch-user: "?1"
sec-fetch-dest: "document"
accept-language: "en-US,en;q=0.9,fr-FR;q=0.8,fr;q=0.7,es;q=0.6"
referer: "https://login.sina.com.cn/"
Cookie: "ALF=1673702718; SCF=AjqGI2SlsQPoQc26bNHMWoNxF5nDcypK5nqSBQFzhLd0nE913PdfYD8OicJWMxRfNnNu0SESAJMyR4FN0GGCdwU.; SSOLoginState=1641845522; SUB=_2A25M5QmRDeRhGeFJ6VAZ8irFyzWIHXVvk3xZrDV8PUNbmtAfLUrkkW9NfGeWE5rvV5uShH19OaOwdyJE_T7C4NyH; SUBP=0033WrSXqPxfM725Ws9jqgMF55529P9D9W50XT5KENhmcdROsS.NS_.n5JpX5KMhUgL.FoMNeozReoB4eh.2dJLoIp7LxKML1KBLBKnLxKqL1hnLBoMNS0zE1hzX1K54; XSRF-TOKEN=vzg-EnsEG6PU8WMlPx-8QTA5; cross_origin_proto=SSL; login_sid_t=33edcf10e960771df2675887c0a6b388;ALF=1673563731; SCF=AjqGI2SlsQPoQc26bNHMWoNxF5nDcypK5nqSBQFzhLd02v9_s5b1fzyCjS9_26CqNvB2G0jRn728lRGDxgzM2d4.; SRF=1642027735; SRT=D.QqHBJZPiJeboNmMb4cYGS4S1ibSBdZY9V!Su5bWHNEYdWckNWEBpMERt4EPKRcsrAdSJP-SQTsVuOcSGSPWEJEWhRdMoNrufNOJoTrPpicsYSsymUmi9OdMu*B.vAflW-P9Rc0lR-ykXDvnJqiQVbiRVPBtS!r3JZPQVqbgVdWiMZ4siOzu4DbmKPVsJEY4i4kEOcYkR-MNO3iOI!uOQpuli49ndDPIOdYPSrnlMcyiOcP65bHbUrzrSdXlJcM1OFyHVDWJ5mkiODEIA!oCN-uJ5mkoODEfU!oCUrsK4qBwMOEf5bXoNq4r; SSOLoginState=1641845522; SUB=_2A25M2yqHDeRhGeFJ6VAZ8irFyzWIHXVvkRtPrDV8PUNbmtAfLWfWkW9NfGeWE0WkadqKNhI31kEr6mag_DlCiMdy; SUBP=0033WrSXqPxfM725Ws9jqgMF55529P9D9W50XT5KENhmcdROsS.NS_.n5JpX5KMhUgL.FoMNeozReoB4eh.2dJLoIp7LxKML1KBLBKnLxKqL1hnLBoMNS0zE1hzX1K54; cross_origin_proto=SSL; login_sid_t=33edcf10e960771df2675887c0a6b388"
I, [2022-01-14T17:25:23.716346 #26635]  INFO -- response: Status 200
I, [2022-01-14T17:25:23.716610 #26635]  INFO -- response: server: "wServer"
date: "Fri, 14 Jan 2022 13:25:23 GMT"
content-type: "text/html; charset=utf-8"
transfer-encoding: "chunked"
connection: "keep-alive"
x-bypass-uid: "7722824909"
x-bypass-loginflag: "1"
x-bypass-vr: "7"
vary: "Accept-Encoding"
x-log-uid: "7722824909"
x-frame-options: "SAMEORIGIN"
x-xss-protection: "1; mode=block"
x-content-type-options: "nosniff"
x-download-options: "noopen"
set-cookie: "WBPSESS=WJF1PaMcQNB28UrLifgtWaHqdPdUPLpyIEySm04QJxHxrFnR_d7jsgcch8uJt51yUsCFDC4Zg8VmdqgFaMa5TlqlU8N8ppJHGpDRG1Se90MxAHJX_VyjipBdbg5VsoExIrzYaDn3owM4RFfMh1jZcg==; path=/; max-age=86400; expires=Sat, 15 Jan 2022 13:25:23 GMT; secure; httponly"
x-readtime: "169"
proc_node: "mapi-weibopro-node-bypass-1-6f447fb84f-dtqcl, mapi-weibopro-node-bypass-1-6f447fb84f-dtqcl"
ssl_node: "ssl-003.mweibo.hk.intra.weibo.cn"
lb: "36.51.254.228"
I, [2022-01-14T17:25:23.716713 #26635]  INFO -- response: <!DOCTYPE html><html lang=zh-cn><head><meta charset=utf-8><link rel=dns-prefetch href=//h5.sinaimg.cn><meta name=viewport content="width=device-width,initial-scale=1,user-scalable=no,viewport-fit=cover"><meta http-equiv=X-UA-Compatible content="IE=edge"><meta http-equiv=Content-Security-Policy content=upgrade-insecure-requests><link rel=icon href=https://weibo.com/favicon.ico><title>ÂæÆÂçö</title><script>if (window.location.protocol !== 'https:') {
        window.location.href = window.location.href.replace('http:', 'https:');
      }</script><link href=//h5.sinaimg.cn/m/weibo-pro/css/chunk-019705cd.4b951fca.css rel=prefetch><link href=//h5.sinaimg.cn/m/weibo-pro/css/chunk-04dd4069.47a5a2b0.css rel=prefetch><link href=//h5.sinaimg.cn/m/weibo-pro/css/chunk-0b2f6aca.2c8e2b71.css rel=prefetch><link href=//h5.sinaimg.cn/m/weibo-pro/css/chunk-18576fbb.f6c6c607.css rel=prefetch><link href=//h5.sinaimg.cn/m/weibo-pro/css/chunk-1cdfc59c.8d2e27e7.css rel=prefetch><link href=//h5.sinaimg.cn/m/weibo-pro/css/chunk-4993102d.ca64ac98.css rel=prefetch><link href=//h5.sinaimg.cn/m/weibo-pro/css/chunk-4b6af71e.14b3d951.css rel=prefetch><link href=//h5.sinaimg.cn/m/weibo-pro/css/chunk-5f89d2e3.79331698.css rel=prefetch><link href=//h5.sinaimg.cn/m/weibo-pro/css/chunk-66e50bef.d2252512.css rel=prefetch><link href=//h5.sinaimg.cn/m/weibo-pro/css/chunk-75d4b860.df0d4622.css rel=prefetch><link href=//h5.sinaimg.cn/m/weibo-pro/css/chunk-77f0cd56.b94f8978.css rel=prefetch><link href=//h5.sinaimg.cn/m/weibo-pro/css/chunk-8549274a.da4619ac.css rel=prefetch><link href=//h5.sinaimg.cn/m/weibo-pro/css/chunk-87c041fe.3e3f0add.css rel=prefetch><link href=//h5.sinaimg.cn/m/weibo-pro/css/chunk-912eab54.2e1914b9.css rel=prefetch><link href=//h5.sinaimg.cn/m/weibo-pro/css/chunk-997e78d4.ed60a9c7.css rel=prefetch><link href=//h5.sinaimg.cn/m/weibo-pro/css/chunk-b345e28c.66f5e110.css rel=prefetch><link href=//h5.sinaimg.cn/m/weibo-pro/css/chunk-b383583a.81706f3f.css rel=prefetch><link href=//h5.sinaimg.cn/m/weibo-pro/js/chunk-019705cd.974f9850.js rel=prefetch><link href=//h5.sinaimg.cn/m/weibo-pro/js/chunk-04dd4069.fb9c9b08.js rel=prefetch><link href=//h5.sinaimg.cn/m/weibo-pro/js/chunk-0b2f6aca.cd024801.js rel=prefetch><link href=//h5.sinaimg.cn/m/weibo-pro/js/chunk-18576fbb.cd2baabf.js rel=prefetch><link href=//h5.sinaimg.cn/m/weibo-pro/js/chunk-1cdfc59c.73e92827.js rel=prefetch><link href=//h5.sinaimg.cn/m/weibo-pro/js/chunk-4993102d.c29fe0ca.js rel=prefetch><link href=//h5.sinaimg.cn/m/weibo-pro/js/chunk-4b6af71e.d0685b1c.js rel=prefetch><link href=//h5.sinaimg.cn/m/weibo-pro/js/chunk-5f89d2e3.7502006f.js rel=prefetch><link href=//h5.sinaimg.cn/m/weibo-pro/js/chunk-66e50bef.70ceec42.js rel=prefetch><link href=//h5.sinaimg.cn/m/weibo-pro/js/chunk-71694339.13b8ae99.js rel=prefetch><link href=//h5.sinaimg.cn/m/weibo-pro/js/chunk-75d4b860.232775bb.js rel=prefetch><link href=//h5.sinaimg.cn/m/weibo-pro/js/chunk-77f0cd56.5dddd3ac.js rel=prefetch><link href=//h5.sinaimg.cn/m/weibo-pro/js/chunk-8549274a.7fcdae88.js rel=prefetch><link href=//h5.sinaimg.cn/m/weibo-pro/js/chunk-87c041fe.3f7b3924.js rel=prefetch><link href=//h5.sinaimg.cn/m/weibo-pro/js/chunk-912eab54.12208220.js rel=prefetch><link href=//h5.sinaimg.cn/m/weibo-pro/js/chunk-997e78d4.d37cb918.js rel=prefetch><link href=//h5.sinaimg.cn/m/weibo-pro/js/chunk-b345e28c.1dfd0977.js rel=prefetch><link href=//h5.sinaimg.cn/m/weibo-pro/js/chunk-b383583a.36f73269.js rel=prefetch><link href=//h5.sinaimg.cn/m/weibo-pro/css/app.4a084418.css rel=preload as=style><link href=//h5.sinaimg.cn/m/weibo-pro/css/vendors.2c5f4a3f.css rel=preload as=style><link href=//h5.sinaimg.cn/m/weibo-pro/css/wooui.f9d19fcf.css rel=preload as=style><link href=//h5.sinaimg.cn/m/weibo-pro/js/3rdparty.89d5f1eb.js rel=preload as=script><link href=//h5.sinaimg.cn/m/weibo-pro/js/app.7d624b8e.js rel=preload as=script><link href=//h5.sinaimg.cn/m/weibo-pro/js/echarts.ad6d06ad.js rel=preload as=script><link href=//h5.sinaimg.cn/m/weibo-pro/js/vendors.f6fab05e.js rel=preload as=script><link href=//h5.sinaimg.cn/m/weibo-pro/js/wooui.008a2fb4.js rel=preload as=script><link href=//h5.sinaimg.cn/m/weibo-pro/css/wooui.f9d19fcf.css rel=stylesheet><link href=//h5.sinaimg.cn/m/weibo-pro/css/vendors.2c5f4a3f.css rel=stylesheet><link href=//h5.sinaimg.cn/m/weibo-pro/css/app.4a084418.css rel=stylesheet></head><body><script>window.$VERSION = {
        CLIENT: 'v2.29.5',
        SERVER: 'v2022.01.14.2'
      };
      
      try{window.$CONFIG = {"showAriaEntrance":true,"enableAria":true,"enableSweibocom":true,"user":{"id":7722824909,"idstr":"7722824909","pc_new":7,"screen_name":"Áî®Êà∑7722824909","profile_image_url":"https://tvax1.sinaimg.cn/default/images/default_avatar_male_50.gif?KID=imgbed,tva&Expires=1642177523&ssig=VkfHCGPIOm","profile_url":"/u/7722824909","verified":false,"verified_type":-1,"domain":"","weihao":"","avatar_large":"https://tvax1.sinaimg.cn/default/images/default_avatar_male_180.gif?KID=imgbed,tva&Expires=1642177523&ssig=2hY5hz2Dq%2F","avatar_hd":"https://tvax1.sinaimg.cn/default/images/default_avatar_male_180.gif?KID=imgbed,tva&Expires=1642177523&ssig=2hY5hz2Dq%2F","follow_me":false,"following":false,"mbrank":0,"mbtype":0,"planet_video":true,"description":"","location":"ÊµôÊ±ü ‰∏ΩÊ∞¥","gender":"m","followers_count":1,"followers_count_str":"1","friends_count":60,"statuses_count":0,"url":"","cover_image_phone":"https://ww1.sinaimg.cn/crop.0.0.640.640.640/549d0121tw1egm1kjly3jj20hs0hsq4f.jpg","type":1,"myfollowBatch":true,"watermark":{"markpos":1,"nick":"@Áî®Êà∑7722824909"}},"uid":7722824909,"apmSampleRate":0.01,"isNormal":true,"flags":{"open_video_layer":1,"can_create_vote":false,"comment_approval":false,"content_auth":-1,"can_modify_visible":false,"can_welcome_layer":1,"mcomment_bubble":0,"enable_new_viewer":false,"dark_bubble":1,"settings":{"message":{"at_me":3,"comment":3,"in_like":2,"groupchat_notify_receive":2,"chat_group_notify":2}},"can_video_vote":false},"loginHeader":{"poster":"https://a.sinaimg.cn/mintra/pic/2112130400/18weibo_login.png","src":"https://a.sinaimg.cn/mintra/pic/2112130543/weibo_login.mp4"}};}catch(e){window.$CONFIG = {};}
      
      const s = document.createElement('script');
      s.src = 'http://i.sso.sina.com.cn/js/qrcode_login.js';
      document.body.appendChild(s);</script><div id=app></div><script>try {
        if (window.$CONFIG.enableAria) {
          const s = document.createElement('script');
          s.defer = true;
          s.src = '//a.sinaimg.cn/mintra/pic/2201111119/wza/aria.js?appid=dc65fe7d7d2aaf372b1ac9945ffbd093';
          document.body.appendChild(s);
        }
      } catch (e) {}</script><script src=//h5.sinaimg.cn/m/weibo-pro/js/3rdparty.89d5f1eb.js></script><script src=//h5.sinaimg.cn/m/weibo-pro/js/echarts.ad6d06ad.js></script><script src=//h5.sinaimg.cn/m/weibo-pro/js/wooui.008a2fb4.js></script><script src=//h5.sinaimg.cn/m/weibo-pro/js/vendors.f6fab05e.js></script><script src=//h5.sinaimg.cn/m/weibo-pro/js/app.7d624b8e.js></script></body></html>
I, [2022-01-14T17:25:23.717607 #26635]  INFO -- : SESSION#is_active
I, [2022-01-14T17:25:23.718675 #26635]  INFO -- : HTTP_CLIENT: METHOD(GET) URL(https://weibo.com/ajax/profile/info?uid=7722824909) HEADERS({"referer"=>"https://weibo.com/u/7722824909", "accept"=>"application/json, text/plain, */*"}) TIMEOUT(15.0) RETRIES(3)
I, [2022-01-14T17:25:23.721202 #26635]  INFO -- request: GET https://weibo.com/ajax/profile/info?uid=7722824909
I, [2022-01-14T17:25:23.721416 #26635]  INFO -- request: User-Agent: "(Mozilla/5.0 (X11; Linux x86_64) AppleWebKit/537.36 (KHTML, like Gecko) Chrome/94.0.4606.81 Safari/537.36)"
pragma: "no-cache"
cache-control: "no-cache"
sec-ch-ua: "\"Chromium\";v=\"94\", \"Google Chrome\";v=\"94\", \";Not A Brand\";v=\"99\""
sec-ch-ua-mobile: "?0"
sec-ch-ua-platform: "\"Linux\""
upgrade-insecure-requests: "1"
accept: "application/json, text/plain, */*"
sec-fetch-site: "none"
sec-fetch-mode: "navigate"
sec-fetch-user: "?1"
sec-fetch-dest: "document"
accept-language: "en-US,en;q=0.9,fr-FR;q=0.8,fr;q=0.7,es;q=0.6"
referer: "https://weibo.com/u/7722824909"
Cookie: "ALF=1673702718; SCF=AjqGI2SlsQPoQc26bNHMWoNxF5nDcypK5nqSBQFzhLd0nE913PdfYD8OicJWMxRfNnNu0SESAJMyR4FN0GGCdwU.; SSOLoginState=1641845522; SUB=_2A25M5QmRDeRhGeFJ6VAZ8irFyzWIHXVvk3xZrDV8PUNbmtAfLUrkkW9NfGeWE5rvV5uShH19OaOwdyJE_T7C4NyH; SUBP=0033WrSXqPxfM725Ws9jqgMF55529P9D9W50XT5KENhmcdROsS.NS_.n5JpX5KMhUgL.FoMNeozReoB4eh.2dJLoIp7LxKML1KBLBKnLxKqL1hnLBoMNS0zE1hzX1K54; WBPSESS=WJF1PaMcQNB28UrLifgtWaHqdPdUPLpyIEySm04QJxHxrFnR_d7jsgcch8uJt51yUsCFDC4Zg8VmdqgFaMa5TlqlU8N8ppJHGpDRG1Se90MxAHJX_VyjipBdbg5VsoExIrzYaDn3owM4RFfMh1jZcg==; XSRF-TOKEN=vzg-EnsEG6PU8WMlPx-8QTA5; cross_origin_proto=SSL; login_sid_t=33edcf10e960771df2675887c0a6b388"
I, [2022-01-14T17:25:25.698067 #26635]  INFO -- response: Status 200
I, [2022-01-14T17:25:25.698277 #26635]  INFO -- response: server: "wServer"
date: "Fri, 14 Jan 2022 13:25:25 GMT"
content-type: "application/json; charset=utf-8"
transfer-encoding: "chunked"
connection: "keep-alive"
vary: "Accept-Encoding"
x-log-uid: "7722824909"
x-frame-options: "SAMEORIGIN"
x-xss-protection: "1; mode=block"
x-content-type-options: "nosniff"
x-download-options: "noopen"
x-readtime: "159"
proc_node: "mapi-weibopro-node-bypass-568cdfbc9-99ldq"
ssl_node: "ssl-003.mweibo.hk.intra.weibo.cn"
lb: "36.51.254.229"
I, [2022-01-14T17:25:25.698368 #26635]  INFO -- response: {"ok":1,"data":{"user":{"id":7722824909,"idstr":"7722824909","pc_new":7,"screen_name":"Áî®Êà∑7722824909","profile_image_url":"https://tvax1.sinaimg.cn/default/images/default_avatar_male_50.gif?KID=imgbed,tva&Expires=1642177525&ssig=T0EsVdhfub","profile_url":"/u/7722824909","verified":false,"verified_type":-1,"domain":"","weihao":"","avatar_large":"https://tvax1.sinaimg.cn/default/images/default_avatar_male_180.gif?KID=imgbed,tva&Expires=1642177525&ssig=lVIgpm%2BZ60","avatar_hd":"https://tvax1.sinaimg.cn/default/images/default_avatar_male_180.gif?KID=imgbed,tva&Expires=1642177525&ssig=lVIgpm%2BZ60","follow_me":false,"following":false,"mbrank":0,"mbtype":0,"planet_video":true,"description":"","location":"ÊµôÊ±ü ‰∏ΩÊ∞¥","gender":"m","followers_count":1,"followers_count_str":"1","friends_count":60,"statuses_count":0,"url":"","cover_image_phone":"https://ww1.sinaimg.cn/crop.0.0.640.640.640/549d0121tw1egm1kjly3jj20hs0hsq4f.jpg","user_type":2,"is_star":"0","wenda":"0","is_muteuser":false,"special_follow":false},"tabList":[{"name":"home","tabName":"Á≤æÈÄâ"},{"name":"feed","tabName":"ÂæÆÂçö"},{"name":"album","tabName":"Áõ∏ÂÜå"}],"blockText":""}}

I, [2022-01-14T17:25:09.831640 #26635]  INFO -- : HTTP_CLIENT: METHOD(GET) URL(https://weibo.com/ajax/profile/info?uid=353343423) HEADERS({"referer"=>"https://weibo.com/u/353343423", "accept"=>"application/json, text/plain, */*"}) TIMEOUT(15.0) RETRIES(3)
I, [2022-01-14T17:25:09.843850 #26635]  INFO -- request: GET https://weibo.com/ajax/profile/info?uid=353343423
I, [2022-01-14T17:25:09.844115 #26635]  INFO -- request: User-Agent: "(Mozilla/5.0 (X11; Linux x86_64) AppleWebKit/537.36 (KHTML, like Gecko) Chrome/94.0.4606.81 Safari/537.36)"
pragma: "no-cache"
cache-control: "no-cache"
sec-ch-ua: "\"Chromium\";v=\"94\", \"Google Chrome\";v=\"94\", \";Not A Brand\";v=\"99\""
sec-ch-ua-mobile: "?0"
sec-ch-ua-platform: "\"Linux\""
upgrade-insecure-requests: "1"
accept: "application/json, text/plain, */*"
sec-fetch-site: "none"
sec-fetch-mode: "navigate"
sec-fetch-user: "?1"
sec-fetch-dest: "document"
accept-language: "en-US,en;q=0.9,fr-FR;q=0.8,fr;q=0.7,es;q=0.6"
referer: "https://weibo.com/u/353343423"
Cookie: "ALF=1673563731; SCF=AjqGI2SlsQPoQc26bNHMWoNxF5nDcypK5nqSBQFzhLd02v9_s5b1fzyCjS9_26CqNvB2G0jRn728lRGDxgzM2d4.; SSOLoginState=1641845522; SUB=_2A25M2yqHDeRhGeFJ6VAZ8irFyzWIHXVvkRtPrDV8PUNbmtAfLWfWkW9NfGeWE0WkadqKNhI31kEr6mag_DlCiMdy; SUBP=0033WrSXqPxfM725Ws9jqgMF55529P9D9W50XT5KENhmcdROsS.NS_.n5JpX5KMhUgL.FoMNeozReoB4eh.2dJLoIp7LxKML1KBLBKnLxKqL1hnLBoMNS0zE1hzX1K54; XSRF-TOKEN=vzg-EnsEG6PU8WMlPx-8QTA5; cross_origin_proto=SSL; login_sid_t=33edcf10e960771df2675887c0a6b388"
I, [2022-01-14T17:25:12.127683 #26635]  INFO -- response: Status 400
I, [2022-01-14T17:25:12.127891 #26635]  INFO -- response: server: "wServer"
date: "Fri, 14 Jan 2022 13:25:11 GMT"
content-type: "application/json; charset=utf-8"
content-length: "218"
connection: "keep-alive"
x-log-uid: "7722824909"
set-cookie: "WBPSESS=WJF1PaMcQNB28UrLifgtWXelrHLvr0600KgHCMHrTxli3lN-0tSUAHyRWgTsXz1SloTKn0daYwYUAEdsRCvewydHSsVV5ygi4yg3xYTz5zGvUhx7MiYvy4Jrxbl8i1Cq; path=/; max-age=86400; expires=Sat, 15 Jan 2022 13:25:11 GMT; secure; httponly"
ssl_node: "ssl-004.mweibo.hk.intra.weibo.cn"
lb: "36.51.254.229"
I, [2022-01-14T17:25:12.128000 #26635]  INFO -- response: {"ok":0,"message":"ËØ•Áî®Êà∑‰∏çÂ≠òÂú®(20003)","trace_id":"da29f1b2cd4a08fd3df8f77aad95585b","transaction_id":"12d9612c6d71b27b","span_id":null,"traceparent_id":"00-da29f1b2cd4a08fd3df8f77aad95585b-12d9612c6d71b27b-00"}
I, [2022-01-14T17:25:12.133565 #26635]  INFO -- : HTTP_CLIENT: cause of retrial: status: 400
I, [2022-01-14T17:25:12.133652 #26635]  INFO -- : HTTP_CLIENT: retrial 1 of 3
I, [2022-01-14T17:25:12.135854 #26635]  INFO -- request: GET https://weibo.com/ajax/profile/info?uid=353343423
I, [2022-01-14T17:25:12.136079 #26635]  INFO -- request: User-Agent: "(Mozilla/5.0 (X11; Linux x86_64) AppleWebKit/537.36 (KHTML, like Gecko) Chrome/94.0.4606.81 Safari/537.36)"
pragma: "no-cache"
cache-control: "no-cache"
sec-ch-ua: "\"Chromium\";v=\"94\", \"Google Chrome\";v=\"94\", \";Not A Brand\";v=\"99\""
sec-ch-ua-mobile: "?0"
sec-ch-ua-platform: "\"Linux\""
upgrade-insecure-requests: "1"
accept: "application/json, text/plain, */*"
sec-fetch-site: "none"
sec-fetch-mode: "navigate"
sec-fetch-user: "?1"
sec-fetch-dest: "document"
accept-language: "en-US,en;q=0.9,fr-FR;q=0.8,fr;q=0.7,es;q=0.6"
referer: "https://weibo.com/u/353343423"
Cookie: "ALF=1673563731; SCF=AjqGI2SlsQPoQc26bNHMWoNxF5nDcypK5nqSBQFzhLd02v9_s5b1fzyCjS9_26CqNvB2G0jRn728lRGDxgzM2d4.; SSOLoginState=1641845522; SUB=_2A25M2yqHDeRhGeFJ6VAZ8irFyzWIHXVvkRtPrDV8PUNbmtAfLWfWkW9NfGeWE0WkadqKNhI31kEr6mag_DlCiMdy; SUBP=0033WrSXqPxfM725Ws9jqgMF55529P9D9W50XT5KENhmcdROsS.NS_.n5JpX5KMhUgL.FoMNeozReoB4eh.2dJLoIp7LxKML1KBLBKnLxKqL1hnLBoMNS0zE1hzX1K54; WBPSESS=WJF1PaMcQNB28UrLifgtWXelrHLvr0600KgHCMHrTxli3lN-0tSUAHyRWgTsXz1SloTKn0daYwYUAEdsRCvewydHSsVV5ygi4yg3xYTz5zGvUhx7MiYvy4Jrxbl8i1Cq; XSRF-TOKEN=vzg-EnsEG6PU8WMlPx-8QTA5; cross_origin_proto=SSL; login_sid_t=33edcf10e960771df2675887c0a6b388"
I, [2022-01-14T17:25:13.942481 #26635]  INFO -- response: Status 200
I, [2022-01-14T17:25:13.942669 #26635]  INFO -- response: server: "wServer"
date: "Fri, 14 Jan 2022 13:25:13 GMT"
content-type: "application/json; charset=utf-8"
content-length: "91"
connection: "keep-alive"
x-frame-options: "SAMEORIGIN"
x-xss-protection: "1; mode=block"
x-content-type-options: "nosniff"
x-download-options: "noopen"
x-readtime: "9"
proc_node: "mapi-weibopro-node-bypass-1-6f447fb84f-xftnr"
ssl_node: "ssl-002.mweibo.hk.intra.weibo.cn"
lb: "36.51.254.228"
I, [2022-01-14T17:25:13.942759 #26635]  INFO -- response: {"ok":-100,"url":"https://weibo.com/login.php?url=https%3A%2F%2Fweibo.com%2Fu%2F353343423"}
I, [2022-01-14T17:25:25.762940 #26635]  INFO -- : HTTP_CLIENT: METHOD(GET) URL(https://weibo.com/ajax/profile/info?uid=353343423) HEADERS({"referer"=>"https://weibo.com/u/353343423", "accept"=>"application/json, text/plain, */*"}) TIMEOUT(15.0) RETRIES(3)
I, [2022-01-14T17:25:25.765414 #26635]  INFO -- request: GET https://weibo.com/ajax/profile/info?uid=353343423
I, [2022-01-14T17:25:25.765626 #26635]  INFO -- request: User-Agent: "(Mozilla/5.0 (X11; Linux x86_64) AppleWebKit/537.36 (KHTML, like Gecko) Chrome/94.0.4606.81 Safari/537.36)"
pragma: "no-cache"
cache-control: "no-cache"
sec-ch-ua: "\"Chromium\";v=\"94\", \"Google Chrome\";v=\"94\", \";Not A Brand\";v=\"99\""
sec-ch-ua-mobile: "?0"
sec-ch-ua-platform: "\"Linux\""
upgrade-insecure-requests: "1"
accept: "application/json, text/plain, */*"
sec-fetch-site: "none"
sec-fetch-mode: "navigate"
sec-fetch-user: "?1"
sec-fetch-dest: "document"
accept-language: "en-US,en;q=0.9,fr-FR;q=0.8,fr;q=0.7,es;q=0.6"
referer: "https://weibo.com/u/353343423"
Cookie: "ALF=1673702718; SCF=AjqGI2SlsQPoQc26bNHMWoNxF5nDcypK5nqSBQFzhLd0nE913PdfYD8OicJWMxRfNnNu0SESAJMyR4FN0GGCdwU.; SSOLoginState=1641845522; SUB=_2A25M5QmRDeRhGeFJ6VAZ8irFyzWIHXVvk3xZrDV8PUNbmtAfLUrkkW9NfGeWE5rvV5uShH19OaOwdyJE_T7C4NyH; SUBP=0033WrSXqPxfM725Ws9jqgMF55529P9D9W50XT5KENhmcdROsS.NS_.n5JpX5KMhUgL.FoMNeozReoB4eh.2dJLoIp7LxKML1KBLBKnLxKqL1hnLBoMNS0zE1hzX1K54; WBPSESS=WJF1PaMcQNB28UrLifgtWaHqdPdUPLpyIEySm04QJxHxrFnR_d7jsgcch8uJt51yUsCFDC4Zg8VmdqgFaMa5TlqlU8N8ppJHGpDRG1Se90MxAHJX_VyjipBdbg5VsoExIrzYaDn3owM4RFfMh1jZcg==; XSRF-TOKEN=vzg-EnsEG6PU8WMlPx-8QTA5; cross_origin_proto=SSL; login_sid_t=33edcf10e960771df2675887c0a6b388"
I, [2022-01-14T17:25:27.625775 #26635]  INFO -- response: Status 400
I, [2022-01-14T17:25:27.626003 #26635]  INFO -- response: server: "wServer"
date: "Fri, 14 Jan 2022 13:25:27 GMT"
content-type: "application/json; charset=utf-8"
content-length: "218"
connection: "keep-alive"
x-log-uid: "7722824909"
ssl_node: "ssl-001.mweibo.hk.intra.weibo.cn"
lb: "36.51.254.228"
I, [2022-01-14T17:25:27.626140 #26635]  INFO -- response: {"ok":0,"message":"ËØ•Áî®Êà∑‰∏çÂ≠òÂú®(20003)","trace_id":"d26b5f4695f75418c12dbfbfec41201c","transaction_id":"54c8ce88ad07af7d","span_id":null,"traceparent_id":"00-d26b5f4695f75418c12dbfbfec41201c-54c8ce88ad07af7d-00"}
I, [2022-01-14T17:25:27.626331 #26635]  INFO -- : HTTP_CLIENT: cause of retrial: status: 400
I, [2022-01-14T17:25:27.626408 #26635]  INFO -- : HTTP_CLIENT: retrial 1 of 3
I, [2022-01-14T17:25:27.629448 #26635]  INFO -- request: GET https://weibo.com/ajax/profile/info?uid=353343423
I, [2022-01-14T17:25:27.629763 #26635]  INFO -- request: User-Agent: "(Mozilla/5.0 (X11; Linux x86_64) AppleWebKit/537.36 (KHTML, like Gecko) Chrome/94.0.4606.81 Safari/537.36)"
pragma: "no-cache"
cache-control: "no-cache"
sec-ch-ua: "\"Chromium\";v=\"94\", \"Google Chrome\";v=\"94\", \";Not A Brand\";v=\"99\""
sec-ch-ua-mobile: "?0"
sec-ch-ua-platform: "\"Linux\""
upgrade-insecure-requests: "1"
accept: "application/json, text/plain, */*"
sec-fetch-site: "none"
sec-fetch-mode: "navigate"
sec-fetch-user: "?1"
sec-fetch-dest: "document"
accept-language: "en-US,en;q=0.9,fr-FR;q=0.8,fr;q=0.7,es;q=0.6"
referer: "https://weibo.com/u/353343423"
Cookie: "ALF=1673702718; SCF=AjqGI2SlsQPoQc26bNHMWoNxF5nDcypK5nqSBQFzhLd0nE913PdfYD8OicJWMxRfNnNu0SESAJMyR4FN0GGCdwU.; SSOLoginState=1641845522; SUB=_2A25M5QmRDeRhGeFJ6VAZ8irFyzWIHXVvk3xZrDV8PUNbmtAfLUrkkW9NfGeWE5rvV5uShH19OaOwdyJE_T7C4NyH; SUBP=0033WrSXqPxfM725Ws9jqgMF55529P9D9W50XT5KENhmcdROsS.NS_.n5JpX5KMhUgL.FoMNeozReoB4eh.2dJLoIp7LxKML1KBLBKnLxKqL1hnLBoMNS0zE1hzX1K54; WBPSESS=WJF1PaMcQNB28UrLifgtWaHqdPdUPLpyIEySm04QJxHxrFnR_d7jsgcch8uJt51yUsCFDC4Zg8VmdqgFaMa5TlqlU8N8ppJHGpDRG1Se90MxAHJX_VyjipBdbg5VsoExIrzYaDn3owM4RFfMh1jZcg==; XSRF-TOKEN=vzg-EnsEG6PU8WMlPx-8QTA5; cross_origin_proto=SSL; login_sid_t=33edcf10e960771df2675887c0a6b388"
I, [2022-01-14T17:25:29.499778 #26635]  INFO -- response: Status 400
I, [2022-01-14T17:25:29.499973 #26635]  INFO -- response: server: "wServer"
date: "Fri, 14 Jan 2022 13:25:29 GMT"
content-type: "application/json; charset=utf-8"
content-length: "218"
connection: "keep-alive"
x-log-uid: "7722824909"
ssl_node: "ssl-003.mweibo.hk.intra.weibo.cn"
lb: "36.51.254.229"
I, [2022-01-14T17:25:29.500068 #26635]  INFO -- response: {"ok":0,"message":"ËØ•Áî®Êà∑‰∏çÂ≠òÂú®(20003)","trace_id":"f85575098ee0e788ecefa5b480cea0c2","transaction_id":"4704f0582fd6ef92","span_id":null,"traceparent_id":"00-f85575098ee0e788ecefa5b480cea0c2-4704f0582fd6ef92-00"}
I, [2022-01-14T17:25:29.500190 #26635]  INFO -- : HTTP_CLIENT: cause of retrial: status: 400
I, [2022-01-14T17:25:29.500242 #26635]  INFO -- : HTTP_CLIENT: retrial 2 of 3
I, [2022-01-14T17:25:29.502330 #26635]  INFO -- request: GET https://weibo.com/ajax/profile/info?uid=353343423
I, [2022-01-14T17:25:29.502517 #26635]  INFO -- request: User-Agent: "(Mozilla/5.0 (X11; Linux x86_64) AppleWebKit/537.36 (KHTML, like Gecko) Chrome/94.0.4606.81 Safari/537.36)"
pragma: "no-cache"
cache-control: "no-cache"
sec-ch-ua: "\"Chromium\";v=\"94\", \"Google Chrome\";v=\"94\", \";Not A Brand\";v=\"99\""
sec-ch-ua-mobile: "?0"
sec-ch-ua-platform: "\"Linux\""
upgrade-insecure-requests: "1"
accept: "application/json, text/plain, */*"
sec-fetch-site: "none"
sec-fetch-mode: "navigate"
sec-fetch-user: "?1"
sec-fetch-dest: "document"
accept-language: "en-US,en;q=0.9,fr-FR;q=0.8,fr;q=0.7,es;q=0.6"
referer: "https://weibo.com/u/353343423"
Cookie: "ALF=1673702718; SCF=AjqGI2SlsQPoQc26bNHMWoNxF5nDcypK5nqSBQFzhLd0nE913PdfYD8OicJWMxRfNnNu0SESAJMyR4FN0GGCdwU.; SSOLoginState=1641845522; SUB=_2A25M5QmRDeRhGeFJ6VAZ8irFyzWIHXVvk3xZrDV8PUNbmtAfLUrkkW9NfGeWE5rvV5uShH19OaOwdyJE_T7C4NyH; SUBP=0033WrSXqPxfM725Ws9jqgMF55529P9D9W50XT5KENhmcdROsS.NS_.n5JpX5KMhUgL.FoMNeozReoB4eh.2dJLoIp7LxKML1KBLBKnLxKqL1hnLBoMNS0zE1hzX1K54; WBPSESS=WJF1PaMcQNB28UrLifgtWaHqdPdUPLpyIEySm04QJxHxrFnR_d7jsgcch8uJt51yUsCFDC4Zg8VmdqgFaMa5TlqlU8N8ppJHGpDRG1Se90MxAHJX_VyjipBdbg5VsoExIrzYaDn3owM4RFfMh1jZcg==; XSRF-TOKEN=vzg-EnsEG6PU8WMlPx-8QTA5; cross_origin_proto=SSL; login_sid_t=33edcf10e960771df2675887c0a6b388"
I, [2022-01-14T17:25:31.596108 #26635]  INFO -- response: Status 400
I, [2022-01-14T17:25:31.596386 #26635]  INFO -- response: server: "wServer"
date: "Fri, 14 Jan 2022 13:25:31 GMT"
content-type: "application/json; charset=utf-8"
content-length: "218"
connection: "keep-alive"
x-log-uid: "7722824909"
ssl_node: "ssl-003.mweibo.hk.intra.weibo.cn"
lb: "36.51.254.229"
I, [2022-01-14T17:25:31.596546 #26635]  INFO -- response: {"ok":0,"message":"ËØ•Áî®Êà∑‰∏çÂ≠òÂú®(20003)","trace_id":"76631c6207db59bb9a1981efa0dca376","transaction_id":"e23da84449a3f7b7","span_id":null,"traceparent_id":"00-76631c6207db59bb9a1981efa0dca376-e23da84449a3f7b7-00"}
I, [2022-01-14T17:25:31.596722 #26635]  INFO -- : HTTP_CLIENT: cause of retrial: status: 400
I, [2022-01-14T17:25:31.596778 #26635]  INFO -- : HTTP_CLIENT: retrial 3 of 3
I, [2022-01-14T17:25:31.598825 #26635]  INFO -- request: GET https://weibo.com/ajax/profile/info?uid=353343423
I, [2022-01-14T17:25:31.599019 #26635]  INFO -- request: User-Agent: "(Mozilla/5.0 (X11; Linux x86_64) AppleWebKit/537.36 (KHTML, like Gecko) Chrome/94.0.4606.81 Safari/537.36)"
pragma: "no-cache"
cache-control: "no-cache"
sec-ch-ua: "\"Chromium\";v=\"94\", \"Google Chrome\";v=\"94\", \";Not A Brand\";v=\"99\""
sec-ch-ua-mobile: "?0"
sec-ch-ua-platform: "\"Linux\""
upgrade-insecure-requests: "1"
accept: "application/json, text/plain, */*"
sec-fetch-site: "none"
sec-fetch-mode: "navigate"
sec-fetch-user: "?1"
sec-fetch-dest: "document"
accept-language: "en-US,en;q=0.9,fr-FR;q=0.8,fr;q=0.7,es;q=0.6"
referer: "https://weibo.com/u/353343423"
Cookie: "ALF=1673702718; SCF=AjqGI2SlsQPoQc26bNHMWoNxF5nDcypK5nqSBQFzhLd0nE913PdfYD8OicJWMxRfNnNu0SESAJMyR4FN0GGCdwU.; SSOLoginState=1641845522; SUB=_2A25M5QmRDeRhGeFJ6VAZ8irFyzWIHXVvk3xZrDV8PUNbmtAfLUrkkW9NfGeWE5rvV5uShH19OaOwdyJE_T7C4NyH; SUBP=0033WrSXqPxfM725Ws9jqgMF55529P9D9W50XT5KENhmcdROsS.NS_.n5JpX5KMhUgL.FoMNeozReoB4eh.2dJLoIp7LxKML1KBLBKnLxKqL1hnLBoMNS0zE1hzX1K54; WBPSESS=WJF1PaMcQNB28UrLifgtWaHqdPdUPLpyIEySm04QJxHxrFnR_d7jsgcch8uJt51yUsCFDC4Zg8VmdqgFaMa5TlqlU8N8ppJHGpDRG1Se90MxAHJX_VyjipBdbg5VsoExIrzYaDn3owM4RFfMh1jZcg==; XSRF-TOKEN=vzg-EnsEG6PU8WMlPx-8QTA5; cross_origin_proto=SSL; login_sid_t=33edcf10e960771df2675887c0a6b388"
I, [2022-01-14T17:25:33.702326 #26635]  INFO -- response: Status 400
I, [2022-01-14T17:25:33.702614 #26635]  INFO -- response: server: "wServer"
date: "Fri, 14 Jan 2022 13:25:33 GMT"
content-type: "application/json; charset=utf-8"
content-length: "218"
connection: "keep-alive"
x-log-uid: "7722824909"
ssl_node: "ssl-002.mweibo.hk.intra.weibo.cn"
lb: "36.51.254.229"
I, [2022-01-14T17:25:33.702794 #26635]  INFO -- response: {"ok":0,"message":"ËØ•Áî®Êà∑‰∏çÂ≠òÂú®(20003)","trace_id":"7ae0474c98c8310963708d84476d3974","transaction_id":"5697253d4540da29","span_id":null,"traceparent_id":"00-7ae0474c98c8310963708d84476d3974-5697253d4540da29-00"}

I, [2022-01-14T17:25:09.835110 #26635]  INFO -- : HTTP_CLIENT: METHOD(GET) URL(https://weibo.com/ajax/profile/detail?uid=353343423) HEADERS({"referer"=>"https://weibo.com/u/353343423", "accept"=>"application/json, text/plain, */*"}) TIMEOUT(15.0) RETRIES(3)
I, [2022-01-14T17:25:09.845464 #26635]  INFO -- request: GET https://weibo.com/ajax/profile/detail?uid=353343423
I, [2022-01-14T17:25:09.845828 #26635]  INFO -- request: User-Agent: "(Mozilla/5.0 (X11; Linux x86_64) AppleWebKit/537.36 (KHTML, like Gecko) Chrome/94.0.4606.81 Safari/537.36)"
pragma: "no-cache"
cache-control: "no-cache"
sec-ch-ua: "\"Chromium\";v=\"94\", \"Google Chrome\";v=\"94\", \";Not A Brand\";v=\"99\""
sec-ch-ua-mobile: "?0"
sec-ch-ua-platform: "\"Linux\""
upgrade-insecure-requests: "1"
accept: "application/json, text/plain, */*"
sec-fetch-site: "none"
sec-fetch-mode: "navigate"
sec-fetch-user: "?1"
sec-fetch-dest: "document"
accept-language: "en-US,en;q=0.9,fr-FR;q=0.8,fr;q=0.7,es;q=0.6"
referer: "https://weibo.com/u/353343423"
Cookie: "ALF=1673563731; SCF=AjqGI2SlsQPoQc26bNHMWoNxF5nDcypK5nqSBQFzhLd02v9_s5b1fzyCjS9_26CqNvB2G0jRn728lRGDxgzM2d4.; SSOLoginState=1641845522; SUB=_2A25M2yqHDeRhGeFJ6VAZ8irFyzWIHXVvkRtPrDV8PUNbmtAfLWfWkW9NfGeWE0WkadqKNhI31kEr6mag_DlCiMdy; SUBP=0033WrSXqPxfM725Ws9jqgMF55529P9D9W50XT5KENhmcdROsS.NS_.n5JpX5KMhUgL.FoMNeozReoB4eh.2dJLoIp7LxKML1KBLBKnLxKqL1hnLBoMNS0zE1hzX1K54; XSRF-TOKEN=vzg-EnsEG6PU8WMlPx-8QTA5; cross_origin_proto=SSL; login_sid_t=33edcf10e960771df2675887c0a6b388"
I, [2022-01-14T17:25:12.233713 #26635]  INFO -- response: Status 200
I, [2022-01-14T17:25:12.233925 #26635]  INFO -- response: server: "wServer"
date: "Fri, 14 Jan 2022 13:25:12 GMT"
content-type: "application/json; charset=utf-8"
content-length: "91"
connection: "keep-alive"
x-frame-options: "SAMEORIGIN"
x-xss-protection: "1; mode=block"
x-content-type-options: "nosniff"
x-download-options: "noopen"
x-readtime: "6"
proc_node: "mapi-weibopro-node-bypass-1-6f447fb84f-xftnr"
ssl_node: "ssl-004.mweibo.hk.intra.weibo.cn"
lb: "36.51.254.229"
I, [2022-01-14T17:25:12.234019 #26635]  INFO -- response: {"ok":-100,"url":"https://weibo.com/login.php?url=https%3A%2F%2Fweibo.com%2Fu%2F353343423"}
I, [2022-01-14T17:25:25.767050 #26635]  INFO -- : HTTP_CLIENT: METHOD(GET) URL(https://weibo.com/ajax/profile/detail?uid=353343423) HEADERS({"referer"=>"https://weibo.com/u/353343423", "accept"=>"application/json, text/plain, */*"}) TIMEOUT(15.0) RETRIES(3)
I, [2022-01-14T17:25:25.769169 #26635]  INFO -- request: GET https://weibo.com/ajax/profile/detail?uid=353343423
I, [2022-01-14T17:25:25.769369 #26635]  INFO -- request: User-Agent: "(Mozilla/5.0 (X11; Linux x86_64) AppleWebKit/537.36 (KHTML, like Gecko) Chrome/94.0.4606.81 Safari/537.36)"
pragma: "no-cache"
cache-control: "no-cache"
sec-ch-ua: "\"Chromium\";v=\"94\", \"Google Chrome\";v=\"94\", \";Not A Brand\";v=\"99\""
sec-ch-ua-mobile: "?0"
sec-ch-ua-platform: "\"Linux\""
upgrade-insecure-requests: "1"
accept: "application/json, text/plain, */*"
sec-fetch-site: "none"
sec-fetch-mode: "navigate"
sec-fetch-user: "?1"
sec-fetch-dest: "document"
accept-language: "en-US,en;q=0.9,fr-FR;q=0.8,fr;q=0.7,es;q=0.6"
referer: "https://weibo.com/u/353343423"
Cookie: "ALF=1673702718; SCF=AjqGI2SlsQPoQc26bNHMWoNxF5nDcypK5nqSBQFzhLd0nE913PdfYD8OicJWMxRfNnNu0SESAJMyR4FN0GGCdwU.; SSOLoginState=1641845522; SUB=_2A25M5QmRDeRhGeFJ6VAZ8irFyzWIHXVvk3xZrDV8PUNbmtAfLUrkkW9NfGeWE5rvV5uShH19OaOwdyJE_T7C4NyH; SUBP=0033WrSXqPxfM725Ws9jqgMF55529P9D9W50XT5KENhmcdROsS.NS_.n5JpX5KMhUgL.FoMNeozReoB4eh.2dJLoIp7LxKML1KBLBKnLxKqL1hnLBoMNS0zE1hzX1K54; WBPSESS=WJF1PaMcQNB28UrLifgtWaHqdPdUPLpyIEySm04QJxHxrFnR_d7jsgcch8uJt51yUsCFDC4Zg8VmdqgFaMa5TlqlU8N8ppJHGpDRG1Se90MxAHJX_VyjipBdbg5VsoExIrzYaDn3owM4RFfMh1jZcg==; XSRF-TOKEN=vzg-EnsEG6PU8WMlPx-8QTA5; cross_origin_proto=SSL; login_sid_t=33edcf10e960771df2675887c0a6b388"
I, [2022-01-14T17:25:27.657667 #26635]  INFO -- response: Status 400
I, [2022-01-14T17:25:27.657831 #26635]  INFO -- response: server: "wServer"
date: "Fri, 14 Jan 2022 13:25:27 GMT"
content-type: "application/json; charset=utf-8"
content-length: "218"
connection: "keep-alive"
x-log-uid: "7722824909"
ssl_node: "ssl-003.mweibo.hk.intra.weibo.cn"
lb: "36.51.254.228"
I, [2022-01-14T17:25:27.657919 #26635]  INFO -- response: {"ok":0,"message":"ËØ•Áî®Êà∑‰∏çÂ≠òÂú®(20003)","trace_id":"ea186258d588e8545496b143f667d992","transaction_id":"a1712339c673e120","span_id":null,"traceparent_id":"00-ea186258d588e8545496b143f667d992-a1712339c673e120-00"}
I, [2022-01-14T17:25:27.658040 #26635]  INFO -- : HTTP_CLIENT: cause of retrial: status: 400
I, [2022-01-14T17:25:27.658090 #26635]  INFO -- : HTTP_CLIENT: retrial 1 of 3
I, [2022-01-14T17:25:27.660143 #26635]  INFO -- request: GET https://weibo.com/ajax/profile/detail?uid=353343423
I, [2022-01-14T17:25:27.660366 #26635]  INFO -- request: User-Agent: "(Mozilla/5.0 (X11; Linux x86_64) AppleWebKit/537.36 (KHTML, like Gecko) Chrome/94.0.4606.81 Safari/537.36)"
pragma: "no-cache"
cache-control: "no-cache"
sec-ch-ua: "\"Chromium\";v=\"94\", \"Google Chrome\";v=\"94\", \";Not A Brand\";v=\"99\""
sec-ch-ua-mobile: "?0"
sec-ch-ua-platform: "\"Linux\""
upgrade-insecure-requests: "1"
accept: "application/json, text/plain, */*"
sec-fetch-site: "none"
sec-fetch-mode: "navigate"
sec-fetch-user: "?1"
sec-fetch-dest: "document"
accept-language: "en-US,en;q=0.9,fr-FR;q=0.8,fr;q=0.7,es;q=0.6"
referer: "https://weibo.com/u/353343423"
Cookie: "ALF=1673702718; SCF=AjqGI2SlsQPoQc26bNHMWoNxF5nDcypK5nqSBQFzhLd0nE913PdfYD8OicJWMxRfNnNu0SESAJMyR4FN0GGCdwU.; SSOLoginState=1641845522; SUB=_2A25M5QmRDeRhGeFJ6VAZ8irFyzWIHXVvk3xZrDV8PUNbmtAfLUrkkW9NfGeWE5rvV5uShH19OaOwdyJE_T7C4NyH; SUBP=0033WrSXqPxfM725Ws9jqgMF55529P9D9W50XT5KENhmcdROsS.NS_.n5JpX5KMhUgL.FoMNeozReoB4eh.2dJLoIp7LxKML1KBLBKnLxKqL1hnLBoMNS0zE1hzX1K54; WBPSESS=WJF1PaMcQNB28UrLifgtWaHqdPdUPLpyIEySm04QJxHxrFnR_d7jsgcch8uJt51yUsCFDC4Zg8VmdqgFaMa5TlqlU8N8ppJHGpDRG1Se90MxAHJX_VyjipBdbg5VsoExIrzYaDn3owM4RFfMh1jZcg==; XSRF-TOKEN=vzg-EnsEG6PU8WMlPx-8QTA5; cross_origin_proto=SSL; login_sid_t=33edcf10e960771df2675887c0a6b388"
I, [2022-01-14T17:25:29.684232 #26635]  INFO -- response: Status 400
I, [2022-01-14T17:25:29.684394 #26635]  INFO -- response: server: "wServer"
date: "Fri, 14 Jan 2022 13:25:29 GMT"
content-type: "application/json; charset=utf-8"
content-length: "218"
connection: "keep-alive"
x-log-uid: "7722824909"
ssl_node: "ssl-003.mweibo.hk.intra.weibo.cn"
lb: "36.51.254.228"
I, [2022-01-14T17:25:29.684534 #26635]  INFO -- response: {"ok":0,"message":"ËØ•Áî®Êà∑‰∏çÂ≠òÂú®(20003)","trace_id":"0df0e3201601faeba40e5d7cedaaa30a","transaction_id":"712d95655dd8b40d","span_id":null,"traceparent_id":"00-0df0e3201601faeba40e5d7cedaaa30a-712d95655dd8b40d-00"}
I, [2022-01-14T17:25:29.684675 #26635]  INFO -- : HTTP_CLIENT: cause of retrial: status: 400
I, [2022-01-14T17:25:29.684727 #26635]  INFO -- : HTTP_CLIENT: retrial 2 of 3
I, [2022-01-14T17:25:29.686661 #26635]  INFO -- request: GET https://weibo.com/ajax/profile/detail?uid=353343423
I, [2022-01-14T17:25:29.686903 #26635]  INFO -- request: User-Agent: "(Mozilla/5.0 (X11; Linux x86_64) AppleWebKit/537.36 (KHTML, like Gecko) Chrome/94.0.4606.81 Safari/537.36)"
pragma: "no-cache"
cache-control: "no-cache"
sec-ch-ua: "\"Chromium\";v=\"94\", \"Google Chrome\";v=\"94\", \";Not A Brand\";v=\"99\""
sec-ch-ua-mobile: "?0"
sec-ch-ua-platform: "\"Linux\""
upgrade-insecure-requests: "1"
accept: "application/json, text/plain, */*"
sec-fetch-site: "none"
sec-fetch-mode: "navigate"
sec-fetch-user: "?1"
sec-fetch-dest: "document"
accept-language: "en-US,en;q=0.9,fr-FR;q=0.8,fr;q=0.7,es;q=0.6"
referer: "https://weibo.com/u/353343423"
Cookie: "ALF=1673702718; SCF=AjqGI2SlsQPoQc26bNHMWoNxF5nDcypK5nqSBQFzhLd0nE913PdfYD8OicJWMxRfNnNu0SESAJMyR4FN0GGCdwU.; SSOLoginState=1641845522; SUB=_2A25M5QmRDeRhGeFJ6VAZ8irFyzWIHXVvk3xZrDV8PUNbmtAfLUrkkW9NfGeWE5rvV5uShH19OaOwdyJE_T7C4NyH; SUBP=0033WrSXqPxfM725Ws9jqgMF55529P9D9W50XT5KENhmcdROsS.NS_.n5JpX5KMhUgL.FoMNeozReoB4eh.2dJLoIp7LxKML1KBLBKnLxKqL1hnLBoMNS0zE1hzX1K54; WBPSESS=WJF1PaMcQNB28UrLifgtWaHqdPdUPLpyIEySm04QJxHxrFnR_d7jsgcch8uJt51yUsCFDC4Zg8VmdqgFaMa5TlqlU8N8ppJHGpDRG1Se90MxAHJX_VyjipBdbg5VsoExIrzYaDn3owM4RFfMh1jZcg==; XSRF-TOKEN=vzg-EnsEG6PU8WMlPx-8QTA5; cross_origin_proto=SSL; login_sid_t=33edcf10e960771df2675887c0a6b388"
I, [2022-01-14T17:25:31.647957 #26635]  INFO -- response: Status 400
I, [2022-01-14T17:25:31.648328 #26635]  INFO -- response: server: "wServer"
date: "Fri, 14 Jan 2022 13:25:31 GMT"
content-type: "application/json; charset=utf-8"
content-length: "218"
connection: "keep-alive"
x-log-uid: "7722824909"
ssl_node: "ssl-002.mweibo.hk.intra.weibo.cn"
lb: "36.51.254.228"
I, [2022-01-14T17:25:31.648435 #26635]  INFO -- response: {"ok":0,"message":"ËØ•Áî®Êà∑‰∏çÂ≠òÂú®(20003)","trace_id":"13fad846b8ab031ae62d689eda5918e9","transaction_id":"bd8ff51b3fd5982c","span_id":null,"traceparent_id":"00-13fad846b8ab031ae62d689eda5918e9-bd8ff51b3fd5982c-00"}
I, [2022-01-14T17:25:31.648561 #26635]  INFO -- : HTTP_CLIENT: cause of retrial: status: 400
I, [2022-01-14T17:25:31.648612 #26635]  INFO -- : HTTP_CLIENT: retrial 3 of 3
I, [2022-01-14T17:25:31.650806 #26635]  INFO -- request: GET https://weibo.com/ajax/profile/detail?uid=353343423
I, [2022-01-14T17:25:31.651058 #26635]  INFO -- request: User-Agent: "(Mozilla/5.0 (X11; Linux x86_64) AppleWebKit/537.36 (KHTML, like Gecko) Chrome/94.0.4606.81 Safari/537.36)"
pragma: "no-cache"
cache-control: "no-cache"
sec-ch-ua: "\"Chromium\";v=\"94\", \"Google Chrome\";v=\"94\", \";Not A Brand\";v=\"99\""
sec-ch-ua-mobile: "?0"
sec-ch-ua-platform: "\"Linux\""
upgrade-insecure-requests: "1"
accept: "application/json, text/plain, */*"
sec-fetch-site: "none"
sec-fetch-mode: "navigate"
sec-fetch-user: "?1"
sec-fetch-dest: "document"
accept-language: "en-US,en;q=0.9,fr-FR;q=0.8,fr;q=0.7,es;q=0.6"
referer: "https://weibo.com/u/353343423"
Cookie: "ALF=1673702718; SCF=AjqGI2SlsQPoQc26bNHMWoNxF5nDcypK5nqSBQFzhLd0nE913PdfYD8OicJWMxRfNnNu0SESAJMyR4FN0GGCdwU.; SSOLoginState=1641845522; SUB=_2A25M5QmRDeRhGeFJ6VAZ8irFyzWIHXVvk3xZrDV8PUNbmtAfLUrkkW9NfGeWE5rvV5uShH19OaOwdyJE_T7C4NyH; SUBP=0033WrSXqPxfM725Ws9jqgMF55529P9D9W50XT5KENhmcdROsS.NS_.n5JpX5KMhUgL.FoMNeozReoB4eh.2dJLoIp7LxKML1KBLBKnLxKqL1hnLBoMNS0zE1hzX1K54; WBPSESS=WJF1PaMcQNB28UrLifgtWaHqdPdUPLpyIEySm04QJxHxrFnR_d7jsgcch8uJt51yUsCFDC4Zg8VmdqgFaMa5TlqlU8N8ppJHGpDRG1Se90MxAHJX_VyjipBdbg5VsoExIrzYaDn3owM4RFfMh1jZcg==; XSRF-TOKEN=vzg-EnsEG6PU8WMlPx-8QTA5; cross_origin_proto=SSL; login_sid_t=33edcf10e960771df2675887c0a6b388"
I, [2022-01-14T17:25:33.617265 #26635]  INFO -- response: Status 400
I, [2022-01-14T17:25:33.617452 #26635]  INFO -- response: server: "wServer"
date: "Fri, 14 Jan 2022 13:25:33 GMT"
content-type: "application/json; charset=utf-8"
content-length: "218"
connection: "keep-alive"
x-log-uid: "7722824909"
ssl_node: "ssl-003.mweibo.hk.intra.weibo.cn"
lb: "36.51.254.228"
I, [2022-01-14T17:25:33.617582 #26635]  INFO -- response: {"ok":0,"message":"ËØ•Áî®Êà∑‰∏çÂ≠òÂú®(20003)","trace_id":"8b52e9581f71f6ebcb19fa86e6703856","transaction_id":"bf7200a33573121f","span_id":null,"traceparent_id":"00-8b52e9581f71f6ebcb19fa86e6703856-bf7200a33573121f-00"}
E, [2022-01-14T17:25:33.703245 #26635] ERROR -- : unexpected error: UNEXP00030; info: none (please report this code to the developer)
E, [2022-01-14T17:25:33.703432 #26635] ERROR -- : /home/mecrogenesis/Organizations/co.prethora/@ruby/weibo_scraper_api/lib/weibo_scraper_api.rb:61:in `block in profile'
/home/mecrogenesis/Organizations/co.prethora/@ruby/weibo_scraper_api/lib/weibo_scraper_api.rb:55:in `each'
/home/mecrogenesis/Organizations/co.prethora/@ruby/weibo_scraper_api/lib/weibo_scraper_api.rb:55:in `profile'
/home/mecrogenesis/Organizations/co.prethora/@ruby/weibo_scraper_api/lib/weibo_scraper_api/cli/commands/configure.rb:12:in `run'
/home/mecrogenesis/Organizations/co.prethora/@ruby/weibo_scraper_api/lib/weibo_scraper_api/cli/commands/root.rb:24:in `run'
/home/mecrogenesis/Organizations/co.prethora/@ruby/weibo_scraper_api/lib/weibo_scraper_api/cli.rb:8:in `run'
./bin/wsapi:11:in `<main>'
