I, [2022-01-14T18:04:30.900763 #32069]  INFO -- : WSAPI#fans: uid(353343423) page(1) account_name(bob)
I, [2022-01-14T18:04:30.969286 #32069]  INFO -- : HTTP_CLIENT: METHOD(GET) URL(https://weibo.com/ajax/friendships/friends?relate=fans&page=1&uid=353343423&type=fans) HEADERS({"referer"=>"https://weibo.com/u/353343423", "accept"=>"application/json, text/plain, */*"}) TIMEOUT(15.0) RETRIES(3)
I, [2022-01-14T18:04:30.978902 #32069]  INFO -- request: GET https://weibo.com/ajax/friendships/friends?page=1&relate=fans&type=fans&uid=353343423
I, [2022-01-14T18:04:30.979157 #32069]  INFO -- request: User-Agent: "(Mozilla/5.0 (X11; Linux x86_64) AppleWebKit/537.36 (KHTML, like Gecko) Chrome/94.0.4606.81 Safari/537.36)"
pragma: "no-cache"
cache-control: "no-cache"
sec-ch-ua: "\"Chromium\";v=\"94\", \"Google Chrome\";v=\"94\", \";Not A Brand\";v=\"99\""
sec-ch-ua-mobile: "?0"
sec-ch-ua-platform: "\"Linux\""
upgrade-insecure-requests: "1"
accept: "application/json, text/plain, */*"
sec-fetch-site: "none"
sec-fetch-mode: "navigate"
sec-fetch-user: "?1"
sec-fetch-dest: "document"
accept-language: "en-US,en;q=0.9,fr-FR;q=0.8,fr;q=0.7,es;q=0.6"
referer: "https://weibo.com/u/353343423"
Cookie: "ALF=1673702718; SCF=AjqGI2SlsQPoQc26bNHMWoNxF5nDcypK5nqSBQFzhLd0nE913PdfYD8OicJWMxRfNnNu0SESAJMyR4FN0GGCdwU.; SSOLoginState=1641845522; SUB=_2A25M5QmRDeRhGeFJ6VAZ8irFyzWIHXVvk3xZrDV8PUNbmtAfLUrkkW9NfGeWE5rvV5uShH19OaOwdyJE_T7C4NyH; SUBP=0033WrSXqPxfM725Ws9jqgMF55529P9D9W50XT5KENhmcdROsS.NS_.n5JpX5KMhUgL.FoMNeozReoB4eh.2dJLoIp7LxKML1KBLBKnLxKqL1hnLBoMNS0zE1hzX1K54; WBPSESS=WJF1PaMcQNB28UrLifgtWaHqdPdUPLpyIEySm04QJxHxrFnR_d7jsgcch8uJt51yUsCFDC4Zg8VmdqgFaMa5TlqlU8N8ppJHGpDRG1Se90MxAHJX_VyjipBdbg5VsoExIrzYaDn3owM4RFfMh1jZcg==; XSRF-TOKEN=vzg-EnsEG6PU8WMlPx-8QTA5; cross_origin_proto=SSL; login_sid_t=33edcf10e960771df2675887c0a6b388"
I, [2022-01-14T18:04:33.226546 #32069]  INFO -- response: Status 400
I, [2022-01-14T18:04:33.226724 #32069]  INFO -- response: server: "wServer"
date: "Fri, 14 Jan 2022 14:04:33 GMT"
content-type: "application/json; charset=utf-8"
content-length: "218"
connection: "keep-alive"
x-log-uid: "7722824909"
ssl_node: "ssl-001.mweibo.hk.intra.weibo.cn"
lb: "36.51.254.228"
I, [2022-01-14T18:04:33.226824 #32069]  INFO -- response: {"ok":0,"message":"该用户不存在(20003)","trace_id":"a171f298464b7761a018b5f2af55d51e","transaction_id":"d515eff70102c4d1","span_id":null,"traceparent_id":"00-a171f298464b7761a018b5f2af55d51e-d515eff70102c4d1-00"}
E, [2022-01-14T18:04:33.229176 #32069] ERROR -- : User with uid '353343423' does not exist
E, [2022-01-14T18:04:33.229386 #32069] ERROR -- : /home/mecrogenesis/Organizations/co.prethora/@ruby/weibo_scraper_api/lib/weibo_scraper_api.rb:105:in `block in fans'
/home/mecrogenesis/Organizations/co.prethora/@ruby/weibo_scraper_api/lib/weibo_scraper_api.rb:102:in `each'
/home/mecrogenesis/Organizations/co.prethora/@ruby/weibo_scraper_api/lib/weibo_scraper_api.rb:102:in `fans'
/home/mecrogenesis/Organizations/co.prethora/@ruby/weibo_scraper_api/lib/weibo_scraper_api/cli/commands/configure.rb:12:in `run'
/home/mecrogenesis/Organizations/co.prethora/@ruby/weibo_scraper_api/lib/weibo_scraper_api/cli/commands/root.rb:24:in `run'
/home/mecrogenesis/Organizations/co.prethora/@ruby/weibo_scraper_api/lib/weibo_scraper_api/cli.rb:8:in `run'
./bin/wsapi:11:in `<main>'
