I, [2022-01-14T17:31:11.812692 #27480]  INFO -- : WSAPI#profile: uid(353343423) account_name(bob)

I, [2022-01-14T17:31:11.893238 #27480]  INFO -- : HTTP_CLIENT: METHOD(GET) URL(https://weibo.com/ajax/profile/info?uid=353343423) HEADERS({"referer"=>"https://weibo.com/u/353343423", "accept"=>"application/json, text/plain, */*"}) TIMEOUT(15.0) RETRIES(3)
I, [2022-01-14T17:31:11.901072 #27480]  INFO -- request: GET https://weibo.com/ajax/profile/info?uid=353343423
I, [2022-01-14T17:31:11.901317 #27480]  INFO -- request: User-Agent: "(Mozilla/5.0 (X11; Linux x86_64) AppleWebKit/537.36 (KHTML, like Gecko) Chrome/94.0.4606.81 Safari/537.36)"
pragma: "no-cache"
cache-control: "no-cache"
sec-ch-ua: "\"Chromium\";v=\"94\", \"Google Chrome\";v=\"94\", \";Not A Brand\";v=\"99\""
sec-ch-ua-mobile: "?0"
sec-ch-ua-platform: "\"Linux\""
upgrade-insecure-requests: "1"
accept: "application/json, text/plain, */*"
sec-fetch-site: "none"
sec-fetch-mode: "navigate"
sec-fetch-user: "?1"
sec-fetch-dest: "document"
accept-language: "en-US,en;q=0.9,fr-FR;q=0.8,fr;q=0.7,es;q=0.6"
referer: "https://weibo.com/u/353343423"
Cookie: "ALF=1673702718; SCF=AjqGI2SlsQPoQc26bNHMWoNxF5nDcypK5nqSBQFzhLd0nE913PdfYD8OicJWMxRfNnNu0SESAJMyR4FN0GGCdwU.; SSOLoginState=1641845522; SUB=_2A25M5QmRDeRhGeFJ6VAZ8irFyzWIHXVvk3xZrDV8PUNbmtAfLUrkkW9NfGeWE5rvV5uShH19OaOwdyJE_T7C4NyH; SUBP=0033WrSXqPxfM725Ws9jqgMF55529P9D9W50XT5KENhmcdROsS.NS_.n5JpX5KMhUgL.FoMNeozReoB4eh.2dJLoIp7LxKML1KBLBKnLxKqL1hnLBoMNS0zE1hzX1K54; WBPSESS=WJF1PaMcQNB28UrLifgtWaHqdPdUPLpyIEySm04QJxHxrFnR_d7jsgcch8uJt51yUsCFDC4Zg8VmdqgFaMa5TlqlU8N8ppJHGpDRG1Se90MxAHJX_VyjipBdbg5VsoExIrzYaDn3owM4RFfMh1jZcg==; XSRF-TOKEN=vzg-EnsEG6PU8WMlPx-8QTA5; cross_origin_proto=SSL; login_sid_t=33edcf10e960771df2675887c0a6b388"
I, [2022-01-14T17:31:14.419902 #27480]  INFO -- response: Status 400
I, [2022-01-14T17:31:14.420070 #27480]  INFO -- response: server: "wServer"
date: "Fri, 14 Jan 2022 13:31:14 GMT"
content-type: "application/json; charset=utf-8"
content-length: "218"
connection: "keep-alive"
x-log-uid: "7722824909"
ssl_node: "ssl-003.mweibo.hk.intra.weibo.cn"
lb: "36.51.254.229"
I, [2022-01-14T17:31:14.420284 #27480]  INFO -- response: {"ok":0,"message":"该用户不存在(20003)","trace_id":"ccb547e660f3a52010889d06ebdb550b","transaction_id":"4237e719ccc0a156","span_id":null,"traceparent_id":"00-ccb547e660f3a52010889d06ebdb550b-4237e719ccc0a156-00"}
I, [2022-01-14T17:31:14.420414 #27480]  INFO -- : HTTP_CLIENT: cause of retrial: status: 400
I, [2022-01-14T17:31:14.420464 #27480]  INFO -- : HTTP_CLIENT: retrial 1 of 3
I, [2022-01-14T17:31:14.422642 #27480]  INFO -- request: GET https://weibo.com/ajax/profile/info?uid=353343423
I, [2022-01-14T17:31:14.422954 #27480]  INFO -- request: User-Agent: "(Mozilla/5.0 (X11; Linux x86_64) AppleWebKit/537.36 (KHTML, like Gecko) Chrome/94.0.4606.81 Safari/537.36)"
pragma: "no-cache"
cache-control: "no-cache"
sec-ch-ua: "\"Chromium\";v=\"94\", \"Google Chrome\";v=\"94\", \";Not A Brand\";v=\"99\""
sec-ch-ua-mobile: "?0"
sec-ch-ua-platform: "\"Linux\""
upgrade-insecure-requests: "1"
accept: "application/json, text/plain, */*"
sec-fetch-site: "none"
sec-fetch-mode: "navigate"
sec-fetch-user: "?1"
sec-fetch-dest: "document"
accept-language: "en-US,en;q=0.9,fr-FR;q=0.8,fr;q=0.7,es;q=0.6"
referer: "https://weibo.com/u/353343423"
Cookie: "ALF=1673702718; SCF=AjqGI2SlsQPoQc26bNHMWoNxF5nDcypK5nqSBQFzhLd0nE913PdfYD8OicJWMxRfNnNu0SESAJMyR4FN0GGCdwU.; SSOLoginState=1641845522; SUB=_2A25M5QmRDeRhGeFJ6VAZ8irFyzWIHXVvk3xZrDV8PUNbmtAfLUrkkW9NfGeWE5rvV5uShH19OaOwdyJE_T7C4NyH; SUBP=0033WrSXqPxfM725Ws9jqgMF55529P9D9W50XT5KENhmcdROsS.NS_.n5JpX5KMhUgL.FoMNeozReoB4eh.2dJLoIp7LxKML1KBLBKnLxKqL1hnLBoMNS0zE1hzX1K54; WBPSESS=WJF1PaMcQNB28UrLifgtWaHqdPdUPLpyIEySm04QJxHxrFnR_d7jsgcch8uJt51yUsCFDC4Zg8VmdqgFaMa5TlqlU8N8ppJHGpDRG1Se90MxAHJX_VyjipBdbg5VsoExIrzYaDn3owM4RFfMh1jZcg==; XSRF-TOKEN=vzg-EnsEG6PU8WMlPx-8QTA5; cross_origin_proto=SSL; login_sid_t=33edcf10e960771df2675887c0a6b388"
I, [2022-01-14T17:31:16.246239 #27480]  INFO -- response: Status 400
I, [2022-01-14T17:31:16.246404 #27480]  INFO -- response: server: "wServer"
date: "Fri, 14 Jan 2022 13:31:16 GMT"
content-type: "application/json; charset=utf-8"
content-length: "218"
connection: "keep-alive"
x-log-uid: "7722824909"
ssl_node: "ssl-002.mweibo.hk.intra.weibo.cn"
lb: "36.51.254.229"
I, [2022-01-14T17:31:16.246494 #27480]  INFO -- response: {"ok":0,"message":"该用户不存在(20003)","trace_id":"e2783d4bb5e0e864baff8cc830c6af32","transaction_id":"f19b59221719c433","span_id":null,"traceparent_id":"00-e2783d4bb5e0e864baff8cc830c6af32-f19b59221719c433-00"}
I, [2022-01-14T17:31:16.246618 #27480]  INFO -- : HTTP_CLIENT: cause of retrial: status: 400
I, [2022-01-14T17:31:16.246668 #27480]  INFO -- : HTTP_CLIENT: retrial 2 of 3
I, [2022-01-14T17:31:16.248728 #27480]  INFO -- request: GET https://weibo.com/ajax/profile/info?uid=353343423
I, [2022-01-14T17:31:16.248921 #27480]  INFO -- request: User-Agent: "(Mozilla/5.0 (X11; Linux x86_64) AppleWebKit/537.36 (KHTML, like Gecko) Chrome/94.0.4606.81 Safari/537.36)"
pragma: "no-cache"
cache-control: "no-cache"
sec-ch-ua: "\"Chromium\";v=\"94\", \"Google Chrome\";v=\"94\", \";Not A Brand\";v=\"99\""
sec-ch-ua-mobile: "?0"
sec-ch-ua-platform: "\"Linux\""
upgrade-insecure-requests: "1"
accept: "application/json, text/plain, */*"
sec-fetch-site: "none"
sec-fetch-mode: "navigate"
sec-fetch-user: "?1"
sec-fetch-dest: "document"
accept-language: "en-US,en;q=0.9,fr-FR;q=0.8,fr;q=0.7,es;q=0.6"
referer: "https://weibo.com/u/353343423"
Cookie: "ALF=1673702718; SCF=AjqGI2SlsQPoQc26bNHMWoNxF5nDcypK5nqSBQFzhLd0nE913PdfYD8OicJWMxRfNnNu0SESAJMyR4FN0GGCdwU.; SSOLoginState=1641845522; SUB=_2A25M5QmRDeRhGeFJ6VAZ8irFyzWIHXVvk3xZrDV8PUNbmtAfLUrkkW9NfGeWE5rvV5uShH19OaOwdyJE_T7C4NyH; SUBP=0033WrSXqPxfM725Ws9jqgMF55529P9D9W50XT5KENhmcdROsS.NS_.n5JpX5KMhUgL.FoMNeozReoB4eh.2dJLoIp7LxKML1KBLBKnLxKqL1hnLBoMNS0zE1hzX1K54; WBPSESS=WJF1PaMcQNB28UrLifgtWaHqdPdUPLpyIEySm04QJxHxrFnR_d7jsgcch8uJt51yUsCFDC4Zg8VmdqgFaMa5TlqlU8N8ppJHGpDRG1Se90MxAHJX_VyjipBdbg5VsoExIrzYaDn3owM4RFfMh1jZcg==; XSRF-TOKEN=vzg-EnsEG6PU8WMlPx-8QTA5; cross_origin_proto=SSL; login_sid_t=33edcf10e960771df2675887c0a6b388"
I, [2022-01-14T17:31:18.063917 #27480]  INFO -- response: Status 400
I, [2022-01-14T17:31:18.064177 #27480]  INFO -- response: server: "wServer"
date: "Fri, 14 Jan 2022 13:31:17 GMT"
content-type: "application/json; charset=utf-8"
content-length: "218"
connection: "keep-alive"
x-log-uid: "7722824909"
ssl_node: "ssl-003.mweibo.hk.intra.weibo.cn"
lb: "36.51.254.229"
I, [2022-01-14T17:31:18.064333 #27480]  INFO -- response: {"ok":0,"message":"该用户不存在(20003)","trace_id":"33e13b61533afc219e77f008687bdfc6","transaction_id":"665cd482dbdd166a","span_id":null,"traceparent_id":"00-33e13b61533afc219e77f008687bdfc6-665cd482dbdd166a-00"}
I, [2022-01-14T17:31:18.064525 #27480]  INFO -- : HTTP_CLIENT: cause of retrial: status: 400
I, [2022-01-14T17:31:18.064618 #27480]  INFO -- : HTTP_CLIENT: retrial 3 of 3
I, [2022-01-14T17:31:18.066848 #27480]  INFO -- request: GET https://weibo.com/ajax/profile/info?uid=353343423
I, [2022-01-14T17:31:18.067164 #27480]  INFO -- request: User-Agent: "(Mozilla/5.0 (X11; Linux x86_64) AppleWebKit/537.36 (KHTML, like Gecko) Chrome/94.0.4606.81 Safari/537.36)"
pragma: "no-cache"
cache-control: "no-cache"
sec-ch-ua: "\"Chromium\";v=\"94\", \"Google Chrome\";v=\"94\", \";Not A Brand\";v=\"99\""
sec-ch-ua-mobile: "?0"
sec-ch-ua-platform: "\"Linux\""
upgrade-insecure-requests: "1"
accept: "application/json, text/plain, */*"
sec-fetch-site: "none"
sec-fetch-mode: "navigate"
sec-fetch-user: "?1"
sec-fetch-dest: "document"
accept-language: "en-US,en;q=0.9,fr-FR;q=0.8,fr;q=0.7,es;q=0.6"
referer: "https://weibo.com/u/353343423"
Cookie: "ALF=1673702718; SCF=AjqGI2SlsQPoQc26bNHMWoNxF5nDcypK5nqSBQFzhLd0nE913PdfYD8OicJWMxRfNnNu0SESAJMyR4FN0GGCdwU.; SSOLoginState=1641845522; SUB=_2A25M5QmRDeRhGeFJ6VAZ8irFyzWIHXVvk3xZrDV8PUNbmtAfLUrkkW9NfGeWE5rvV5uShH19OaOwdyJE_T7C4NyH; SUBP=0033WrSXqPxfM725Ws9jqgMF55529P9D9W50XT5KENhmcdROsS.NS_.n5JpX5KMhUgL.FoMNeozReoB4eh.2dJLoIp7LxKML1KBLBKnLxKqL1hnLBoMNS0zE1hzX1K54; WBPSESS=WJF1PaMcQNB28UrLifgtWaHqdPdUPLpyIEySm04QJxHxrFnR_d7jsgcch8uJt51yUsCFDC4Zg8VmdqgFaMa5TlqlU8N8ppJHGpDRG1Se90MxAHJX_VyjipBdbg5VsoExIrzYaDn3owM4RFfMh1jZcg==; XSRF-TOKEN=vzg-EnsEG6PU8WMlPx-8QTA5; cross_origin_proto=SSL; login_sid_t=33edcf10e960771df2675887c0a6b388"
I, [2022-01-14T17:31:19.896377 #27480]  INFO -- response: Status 400
I, [2022-01-14T17:31:19.896544 #27480]  INFO -- response: server: "wServer"
date: "Fri, 14 Jan 2022 13:31:19 GMT"
content-type: "application/json; charset=utf-8"
content-length: "218"
connection: "keep-alive"
x-log-uid: "7722824909"
ssl_node: "ssl-002.mweibo.hk.intra.weibo.cn"
lb: "36.51.254.228"
I, [2022-01-14T17:31:19.896636 #27480]  INFO -- response: {"ok":0,"message":"该用户不存在(20003)","trace_id":"43479f99fa776b8f55db833c03c3634f","transaction_id":"b1ba0f2b895d2bdf","span_id":null,"traceparent_id":"00-43479f99fa776b8f55db833c03c3634f-b1ba0f2b895d2bdf-00"}

I, [2022-01-14T17:31:11.887105 #27480]  INFO -- : HTTP_CLIENT: METHOD(GET) URL(https://weibo.com/ajax/profile/detail?uid=353343423) HEADERS({"referer"=>"https://weibo.com/u/353343423", "accept"=>"application/json, text/plain, */*"}) TIMEOUT(15.0) RETRIES(3)
I, [2022-01-14T17:31:11.898847 #27480]  INFO -- request: GET https://weibo.com/ajax/profile/detail?uid=353343423
I, [2022-01-14T17:31:11.899078 #27480]  INFO -- request: User-Agent: "(Mozilla/5.0 (X11; Linux x86_64) AppleWebKit/537.36 (KHTML, like Gecko) Chrome/94.0.4606.81 Safari/537.36)"
pragma: "no-cache"
cache-control: "no-cache"
sec-ch-ua: "\"Chromium\";v=\"94\", \"Google Chrome\";v=\"94\", \";Not A Brand\";v=\"99\""
sec-ch-ua-mobile: "?0"
sec-ch-ua-platform: "\"Linux\""
upgrade-insecure-requests: "1"
accept: "application/json, text/plain, */*"
sec-fetch-site: "none"
sec-fetch-mode: "navigate"
sec-fetch-user: "?1"
sec-fetch-dest: "document"
accept-language: "en-US,en;q=0.9,fr-FR;q=0.8,fr;q=0.7,es;q=0.6"
referer: "https://weibo.com/u/353343423"
Cookie: "ALF=1673702718; SCF=AjqGI2SlsQPoQc26bNHMWoNxF5nDcypK5nqSBQFzhLd0nE913PdfYD8OicJWMxRfNnNu0SESAJMyR4FN0GGCdwU.; SSOLoginState=1641845522; SUB=_2A25M5QmRDeRhGeFJ6VAZ8irFyzWIHXVvk3xZrDV8PUNbmtAfLUrkkW9NfGeWE5rvV5uShH19OaOwdyJE_T7C4NyH; SUBP=0033WrSXqPxfM725Ws9jqgMF55529P9D9W50XT5KENhmcdROsS.NS_.n5JpX5KMhUgL.FoMNeozReoB4eh.2dJLoIp7LxKML1KBLBKnLxKqL1hnLBoMNS0zE1hzX1K54; WBPSESS=WJF1PaMcQNB28UrLifgtWaHqdPdUPLpyIEySm04QJxHxrFnR_d7jsgcch8uJt51yUsCFDC4Zg8VmdqgFaMa5TlqlU8N8ppJHGpDRG1Se90MxAHJX_VyjipBdbg5VsoExIrzYaDn3owM4RFfMh1jZcg==; XSRF-TOKEN=vzg-EnsEG6PU8WMlPx-8QTA5; cross_origin_proto=SSL; login_sid_t=33edcf10e960771df2675887c0a6b388"
I, [2022-01-14T17:31:14.389219 #27480]  INFO -- response: Status 400
I, [2022-01-14T17:31:14.389389 #27480]  INFO -- response: server: "wServer"
date: "Fri, 14 Jan 2022 13:31:14 GMT"
content-type: "application/json; charset=utf-8"
content-length: "218"
connection: "keep-alive"
x-log-uid: "7722824909"
ssl_node: "ssl-003.mweibo.hk.intra.weibo.cn"
lb: "36.51.254.229"
I, [2022-01-14T17:31:14.389493 #27480]  INFO -- response: {"ok":0,"message":"该用户不存在(20003)","trace_id":"ef7b5ac6806b981836efc6fb8e2fc8b4","transaction_id":"71ccfe19c4de7b43","span_id":null,"traceparent_id":"00-ef7b5ac6806b981836efc6fb8e2fc8b4-71ccfe19c4de7b43-00"}
I, [2022-01-14T17:31:14.391788 #27480]  INFO -- : HTTP_CLIENT: cause of retrial: status: 400
I, [2022-01-14T17:31:14.391859 #27480]  INFO -- : HTTP_CLIENT: retrial 1 of 3
I, [2022-01-14T17:31:14.394023 #27480]  INFO -- request: GET https://weibo.com/ajax/profile/detail?uid=353343423
I, [2022-01-14T17:31:14.394223 #27480]  INFO -- request: User-Agent: "(Mozilla/5.0 (X11; Linux x86_64) AppleWebKit/537.36 (KHTML, like Gecko) Chrome/94.0.4606.81 Safari/537.36)"
pragma: "no-cache"
cache-control: "no-cache"
sec-ch-ua: "\"Chromium\";v=\"94\", \"Google Chrome\";v=\"94\", \";Not A Brand\";v=\"99\""
sec-ch-ua-mobile: "?0"
sec-ch-ua-platform: "\"Linux\""
upgrade-insecure-requests: "1"
accept: "application/json, text/plain, */*"
sec-fetch-site: "none"
sec-fetch-mode: "navigate"
sec-fetch-user: "?1"
sec-fetch-dest: "document"
accept-language: "en-US,en;q=0.9,fr-FR;q=0.8,fr;q=0.7,es;q=0.6"
referer: "https://weibo.com/u/353343423"
Cookie: "ALF=1673702718; SCF=AjqGI2SlsQPoQc26bNHMWoNxF5nDcypK5nqSBQFzhLd0nE913PdfYD8OicJWMxRfNnNu0SESAJMyR4FN0GGCdwU.; SSOLoginState=1641845522; SUB=_2A25M5QmRDeRhGeFJ6VAZ8irFyzWIHXVvk3xZrDV8PUNbmtAfLUrkkW9NfGeWE5rvV5uShH19OaOwdyJE_T7C4NyH; SUBP=0033WrSXqPxfM725Ws9jqgMF55529P9D9W50XT5KENhmcdROsS.NS_.n5JpX5KMhUgL.FoMNeozReoB4eh.2dJLoIp7LxKML1KBLBKnLxKqL1hnLBoMNS0zE1hzX1K54; WBPSESS=WJF1PaMcQNB28UrLifgtWaHqdPdUPLpyIEySm04QJxHxrFnR_d7jsgcch8uJt51yUsCFDC4Zg8VmdqgFaMa5TlqlU8N8ppJHGpDRG1Se90MxAHJX_VyjipBdbg5VsoExIrzYaDn3owM4RFfMh1jZcg==; XSRF-TOKEN=vzg-EnsEG6PU8WMlPx-8QTA5; cross_origin_proto=SSL; login_sid_t=33edcf10e960771df2675887c0a6b388"
I, [2022-01-14T17:31:16.235425 #27480]  INFO -- response: Status 400
I, [2022-01-14T17:31:16.235718 #27480]  INFO -- response: server: "wServer"
date: "Fri, 14 Jan 2022 13:31:16 GMT"
content-type: "application/json; charset=utf-8"
content-length: "218"
connection: "keep-alive"
x-log-uid: "7722824909"
ssl_node: "ssl-002.mweibo.hk.intra.weibo.cn"
lb: "36.51.254.228"
I, [2022-01-14T17:31:16.235859 #27480]  INFO -- response: {"ok":0,"message":"该用户不存在(20003)","trace_id":"9d160056dc0b2fd0941ceddff6fe1fb2","transaction_id":"41621679b29ebebb","span_id":null,"traceparent_id":"00-9d160056dc0b2fd0941ceddff6fe1fb2-41621679b29ebebb-00"}
I, [2022-01-14T17:31:16.236080 #27480]  INFO -- : HTTP_CLIENT: cause of retrial: status: 400
I, [2022-01-14T17:31:16.236163 #27480]  INFO -- : HTTP_CLIENT: retrial 2 of 3
I, [2022-01-14T17:31:16.238442 #27480]  INFO -- request: GET https://weibo.com/ajax/profile/detail?uid=353343423
I, [2022-01-14T17:31:16.238652 #27480]  INFO -- request: User-Agent: "(Mozilla/5.0 (X11; Linux x86_64) AppleWebKit/537.36 (KHTML, like Gecko) Chrome/94.0.4606.81 Safari/537.36)"
pragma: "no-cache"
cache-control: "no-cache"
sec-ch-ua: "\"Chromium\";v=\"94\", \"Google Chrome\";v=\"94\", \";Not A Brand\";v=\"99\""
sec-ch-ua-mobile: "?0"
sec-ch-ua-platform: "\"Linux\""
upgrade-insecure-requests: "1"
accept: "application/json, text/plain, */*"
sec-fetch-site: "none"
sec-fetch-mode: "navigate"
sec-fetch-user: "?1"
sec-fetch-dest: "document"
accept-language: "en-US,en;q=0.9,fr-FR;q=0.8,fr;q=0.7,es;q=0.6"
referer: "https://weibo.com/u/353343423"
Cookie: "ALF=1673702718; SCF=AjqGI2SlsQPoQc26bNHMWoNxF5nDcypK5nqSBQFzhLd0nE913PdfYD8OicJWMxRfNnNu0SESAJMyR4FN0GGCdwU.; SSOLoginState=1641845522; SUB=_2A25M5QmRDeRhGeFJ6VAZ8irFyzWIHXVvk3xZrDV8PUNbmtAfLUrkkW9NfGeWE5rvV5uShH19OaOwdyJE_T7C4NyH; SUBP=0033WrSXqPxfM725Ws9jqgMF55529P9D9W50XT5KENhmcdROsS.NS_.n5JpX5KMhUgL.FoMNeozReoB4eh.2dJLoIp7LxKML1KBLBKnLxKqL1hnLBoMNS0zE1hzX1K54; WBPSESS=WJF1PaMcQNB28UrLifgtWaHqdPdUPLpyIEySm04QJxHxrFnR_d7jsgcch8uJt51yUsCFDC4Zg8VmdqgFaMa5TlqlU8N8ppJHGpDRG1Se90MxAHJX_VyjipBdbg5VsoExIrzYaDn3owM4RFfMh1jZcg==; XSRF-TOKEN=vzg-EnsEG6PU8WMlPx-8QTA5; cross_origin_proto=SSL; login_sid_t=33edcf10e960771df2675887c0a6b388"
I, [2022-01-14T17:31:18.160703 #27480]  INFO -- response: Status 400
I, [2022-01-14T17:31:18.160950 #27480]  INFO -- response: server: "wServer"
date: "Fri, 14 Jan 2022 13:31:17 GMT"
content-type: "application/json; charset=utf-8"
content-length: "218"
connection: "keep-alive"
x-log-uid: "7722824909"
ssl_node: "ssl-001.mweibo.hk.intra.weibo.cn"
lb: "36.51.254.228"
I, [2022-01-14T17:31:18.161106 #27480]  INFO -- response: {"ok":0,"message":"该用户不存在(20003)","trace_id":"2c6fe0545446226f12a3fb1cae44ddd0","transaction_id":"c35dd15c72706241","span_id":null,"traceparent_id":"00-2c6fe0545446226f12a3fb1cae44ddd0-c35dd15c72706241-00"}
I, [2022-01-14T17:31:18.161258 #27480]  INFO -- : HTTP_CLIENT: cause of retrial: status: 400
I, [2022-01-14T17:31:18.161310 #27480]  INFO -- : HTTP_CLIENT: retrial 3 of 3
I, [2022-01-14T17:31:18.163667 #27480]  INFO -- request: GET https://weibo.com/ajax/profile/detail?uid=353343423
I, [2022-01-14T17:31:18.164028 #27480]  INFO -- request: User-Agent: "(Mozilla/5.0 (X11; Linux x86_64) AppleWebKit/537.36 (KHTML, like Gecko) Chrome/94.0.4606.81 Safari/537.36)"
pragma: "no-cache"
cache-control: "no-cache"
sec-ch-ua: "\"Chromium\";v=\"94\", \"Google Chrome\";v=\"94\", \";Not A Brand\";v=\"99\""
sec-ch-ua-mobile: "?0"
sec-ch-ua-platform: "\"Linux\""
upgrade-insecure-requests: "1"
accept: "application/json, text/plain, */*"
sec-fetch-site: "none"
sec-fetch-mode: "navigate"
sec-fetch-user: "?1"
sec-fetch-dest: "document"
accept-language: "en-US,en;q=0.9,fr-FR;q=0.8,fr;q=0.7,es;q=0.6"
referer: "https://weibo.com/u/353343423"
Cookie: "ALF=1673702718; SCF=AjqGI2SlsQPoQc26bNHMWoNxF5nDcypK5nqSBQFzhLd0nE913PdfYD8OicJWMxRfNnNu0SESAJMyR4FN0GGCdwU.; SSOLoginState=1641845522; SUB=_2A25M5QmRDeRhGeFJ6VAZ8irFyzWIHXVvk3xZrDV8PUNbmtAfLUrkkW9NfGeWE5rvV5uShH19OaOwdyJE_T7C4NyH; SUBP=0033WrSXqPxfM725Ws9jqgMF55529P9D9W50XT5KENhmcdROsS.NS_.n5JpX5KMhUgL.FoMNeozReoB4eh.2dJLoIp7LxKML1KBLBKnLxKqL1hnLBoMNS0zE1hzX1K54; WBPSESS=WJF1PaMcQNB28UrLifgtWaHqdPdUPLpyIEySm04QJxHxrFnR_d7jsgcch8uJt51yUsCFDC4Zg8VmdqgFaMa5TlqlU8N8ppJHGpDRG1Se90MxAHJX_VyjipBdbg5VsoExIrzYaDn3owM4RFfMh1jZcg==; XSRF-TOKEN=vzg-EnsEG6PU8WMlPx-8QTA5; cross_origin_proto=SSL; login_sid_t=33edcf10e960771df2675887c0a6b388"
I, [2022-01-14T17:31:19.922202 #27480]  INFO -- response: Status 400
I, [2022-01-14T17:31:19.922370 #27480]  INFO -- response: server: "wServer"
date: "Fri, 14 Jan 2022 13:31:19 GMT"
content-type: "application/json; charset=utf-8"
content-length: "218"
connection: "keep-alive"
x-log-uid: "7722824909"
ssl_node: "ssl-001.mweibo.hk.intra.weibo.cn"
lb: "36.51.254.229"
I, [2022-01-14T17:31:19.922460 #27480]  INFO -- response: {"ok":0,"message":"该用户不存在(20003)","trace_id":"467cbca9f58c634554f1f0bab9bf3e83","transaction_id":"8d28a058e532ac4b","span_id":null,"traceparent_id":"00-467cbca9f58c634554f1f0bab9bf3e83-8d28a058e532ac4b-00"}
E, [2022-01-14T17:31:19.922793 #27480] ERROR -- : unexpected error: UNEXP00030; info: none (please report this code to the developer)
E, [2022-01-14T17:31:19.922930 #27480] ERROR -- : /home/mecrogenesis/Organizations/co.prethora/@ruby/weibo_scraper_api/lib/weibo_scraper_api.rb:61:in `block in profile'
/home/mecrogenesis/Organizations/co.prethora/@ruby/weibo_scraper_api/lib/weibo_scraper_api.rb:55:in `each'
/home/mecrogenesis/Organizations/co.prethora/@ruby/weibo_scraper_api/lib/weibo_scraper_api.rb:55:in `profile'
/home/mecrogenesis/Organizations/co.prethora/@ruby/weibo_scraper_api/lib/weibo_scraper_api/cli/commands/configure.rb:12:in `run'
/home/mecrogenesis/Organizations/co.prethora/@ruby/weibo_scraper_api/lib/weibo_scraper_api/cli/commands/root.rb:24:in `run'
/home/mecrogenesis/Organizations/co.prethora/@ruby/weibo_scraper_api/lib/weibo_scraper_api/cli.rb:8:in `run'
./bin/wsapi:11:in `<main>'
