I, [2022-01-14T03:32:15.590086 #23676]  INFO -- : WSAPI#fans: uid(7722824909) page(1) account_name(anobob)
I, [2022-01-14T03:32:15.620834 #23676]  INFO -- : HTTP_CLIENT: METHOD(GET) URL(https://weibo.com/ajax/friendships/friends?relate=fans&page=1&uid=7722824909&type=fans) HEADERS({"referer"=>"https://weibo.com/u/7722824909", "accept"=>"application/json, text/plain, */*"}) TIMEOUT(15.0) RETRIES(3)
I, [2022-01-14T03:32:15.634424 #23676]  INFO -- request: GET https://weibo.com/ajax/friendships/friends?page=1&relate=fans&type=fans&uid=7722824909
I, [2022-01-14T03:32:15.634841 #23676]  INFO -- request: User-Agent: "(Mozilla/5.0 (X11; Linux x86_64) AppleWebKit/537.36 (KHTML, like Gecko) Chrome/94.0.4606.81 Safari/537.36)"
pragma: "no-cache"
cache-control: "no-cache"
sec-ch-ua: "\"Chromium\";v=\"94\", \"Google Chrome\";v=\"94\", \";Not A Brand\";v=\"99\""
sec-ch-ua-mobile: "?0"
sec-ch-ua-platform: "\"Linux\""
upgrade-insecure-requests: "1"
accept: "application/json, text/plain, */*"
sec-fetch-site: "none"
sec-fetch-mode: "navigate"
sec-fetch-user: "?1"
sec-fetch-dest: "document"
accept-language: "en-US,en;q=0.9,fr-FR;q=0.8,fr;q=0.7,es;q=0.6"
referer: "https://weibo.com/u/7722824909"
Cookie: "ALF=1673650798; SCF=ApoGDm8oQBimtG9xShzp-BIyy-e-_DCVwDRKp7ZdABrbJodiaOGJYm9vjFlZiRJDl2UqQz4eHSc2O_cDwN4av7E.; SSOLoginState=1641994585; SUB=_2A25M5N6hDeRhGeFJ6VAZ8irFyzWIHXVvk7dprDV8PUNbmtAfLXPykW9NfGeWE3WcQZnqRxiZTwVB54TRIFgUS9UH; SUBP=0033WrSXqPxfM725Ws9jqgMF55529P9D9W50XT5KENhmcdROsS.NS_.n5JpX5KMhUgL.FoMNeozReoB4eh.2dJLoIp7LxKML1KBLBKnLxKqL1hnLBoMNS0zE1hzX1K54; WBPSESS=WJF1PaMcQNB28UrLifgtWaHqdPdUPLpyIEySm04QJxHxrFnR_d7jsgcch8uJt51yUsCFDC4Zg8VmdqgFaMa5TsIzEVNu97MMvsNSobhbWaTjDLGMS5lnUz5ZeqaBRwMxLuDHhY7Mo50KSemsBl_Cjg==; XSRF-TOKEN=zJqKGDBVlopJJatcPXu95WF9; cross_origin_proto=SSL; login_sid_t=a0d9ddc58a27ff0c6790c07fb9655907"
I, [2022-01-14T03:32:18.197374 #23676]  INFO -- response: Status 200
I, [2022-01-14T03:32:18.197589 #23676]  INFO -- response: server: "wServer"
date: "Thu, 13 Jan 2022 23:32:18 GMT"
content-type: "application/json; charset=utf-8"
transfer-encoding: "chunked"
connection: "keep-alive"
vary: "Accept-Encoding"
x-log-uid: "7722824909"
x-frame-options: "SAMEORIGIN"
x-xss-protection: "1; mode=block"
x-content-type-options: "nosniff"
x-download-options: "noopen"
x-readtime: "111"
proc_node: "mapi-weibopro-node-bypass-7d457b566d-rjrfj"
ssl_node: "ssl-001.mweibo.hk.intra.weibo.cn"
lb: "36.51.254.229"
I, [2022-01-14T03:32:18.197697 #23676]  INFO -- response: {"users":[{"id":2671109275,"idstr":"2671109275","class":1,"screen_name":"新手指南","name":"新手指南","province":"11","city":"8","location":"北京 海淀区","description":"教授新手使用微博方法专业户，每天推荐方法介绍、微博热点...有问题请call我，@、私信都可以，欢迎骚扰~","url":"http://www.weibo.com/guide/handbook","profile_image_url":"https://tvax3.sinaimg.cn/crop.0.0.1080.1080.50/9f35e49bly8gdil7s0mm2j20u00u075o.jpg?KID=imgbed,tva&Expires=1642127537&ssig=OZJADisKtn","cover_image_phone":"http://ww1.sinaimg.cn/crop.0.0.640.640.640/549d0121tw1egm1kjly3jj20hs0hsq4f.jpg","profile_url":"u/2671109275","domain":"","weihao":"","gender":"m","followers_count":160800771,"followers_count_str":"1.61亿","friends_count":825,"pagefriends_count":9,"statuses_count":24629,"video_status_count":5,"video_play_count":0,"favourites_count":2669,"created_at":"Wed Mar 21 10:31:42 +0800 2012","following":false,"allow_all_act_msg":true,"geo_enabled":true,"verified":true,"verified_type":7,"remark":"","insecurity":{"sexual_content":false},"status_id":4725255459834738,"status_idstr":"4725255459834738","ptype":0,"allow_all_comment":true,"avatar_large":"https://tvax3.sinaimg.cn/crop.0.0.1080.1080.180/9f35e49bly8gdil7s0mm2j20u00u075o.jpg?KID=imgbed,tva&Expires=1642127537&ssig=f20ZKs6EA4","avatar_hd":"https://tvax3.sinaimg.cn/crop.0.0.1080.1080.1024/9f35e49bly8gdil7s0mm2j20u00u075o.jpg?KID=imgbed,tva&Expires=1642127537&ssig=jO7jC%2BXssg","verified_reason":"新浪微博新手指南官方微博","verified_trade":"","verified_reason_url":"","verified_source":"","verified_source_url":"","verified_state":0,"verified_level":3,"verified_type_ext":0,"pay_remind":0,"pay_date":"","has_service_tel":false,"verified_reason_modified":"","verified_contact_name":"","verified_contact_email":"","verified_contact_mobile":"","follow_me":false,"like":false,"like_me":false,"online_status":0,"bi_followers_count":639,"lang":"zh-cn","star":0,"mbtype":12,"mbrank":7,"svip":0,"block_word":1,"block_app":1,"credit_score":80,"user_ability":2359816,"cardid":"star_1439","avatargj_id":"gj_vip_575","urank":48,"story_read_state":-1,"vclub_member":0,"is_teenager":0,"is_guardian":0,"is_teenager_list":0,"pc_new":6,"special_follow":false,"planet_video":2,"video_mark":15,"live_status":0,"user_ability_extend":0,"status_total_counter":{"total_cnt":30443926,"repost_cnt":7992509,"comment_cnt":3768956,"like_cnt":18364692,"comment_like_cnt":317769},"video_total_counter":{"play_cnt":42631622},"brand_account":0,"hongbaofei":0}],"has_filtered_attentions":false,"next_cursor":0,"previous_cursor":0,"total_number":1,"use_sink_stragety":true,"has_filtered_fans":false,"display_total_number":1,"display_total_number_str":"1","ok":1}
E, [2022-01-14T03:32:18.200392 #23676] ERROR -- : bogus
E, [2022-01-14T03:32:18.200556 #23676] ERROR -- : /home/mecrogenesis/Organizations/co.prethora/@ruby/weibo_scraper_api/lib/weibo_scraper_api.rb:97:in `block in fans'
/home/mecrogenesis/Organizations/co.prethora/@ruby/weibo_scraper_api/lib/weibo_scraper_api.rb:85:in `each'
/home/mecrogenesis/Organizations/co.prethora/@ruby/weibo_scraper_api/lib/weibo_scraper_api.rb:85:in `fans'
/home/mecrogenesis/Organizations/co.prethora/@ruby/weibo_scraper_api/lib/weibo_scraper_api/cli/commands/configure.rb:31:in `run'
/home/mecrogenesis/Organizations/co.prethora/@ruby/weibo_scraper_api/lib/weibo_scraper_api/cli/commands/root.rb:24:in `run'
/home/mecrogenesis/Organizations/co.prethora/@ruby/weibo_scraper_api/lib/weibo_scraper_api/cli.rb:8:in `run'
./bin/wsapi:11:in `<main>'
